<?xml version="1.0" encoding="UTF-8"?>
<coverage generated="1781686756901" clover="3.2.0">
  <project timestamp="1781686756901" name="All files">
    <metrics statements="427" coveredstatements="266" conditionals="231" coveredconditionals="137" methods="128" coveredmethods="68" elements="786" coveredelements="471" complexity="0" loc="427" ncloc="427" packages="12" files="23" classes="23"/>
    <package name="api">
      <metrics statements="95" coveredstatements="27" conditionals="31" coveredconditionals="6" methods="33" coveredmethods="8"/>
      <file name="adminApi.js" path="D:\Projects\hostel-management-system\frontend\src\api\adminApi.js">
        <metrics statements="29" coveredstatements="3" conditionals="12" coveredconditionals="0" methods="11" coveredmethods="1"/>
        <line num="5" count="1" type="stmt"/>
        <line num="8" count="2" type="stmt"/>
        <line num="9" count="1" type="stmt"/>
        <line num="14" count="0" type="stmt"/>
        <line num="15" count="0" type="cond" truecount="0" falsecount="2"/>
        <line num="16" count="0" type="cond" truecount="0" falsecount="2"/>
        <line num="17" count="0" type="cond" truecount="0" falsecount="2"/>
        <line num="18" count="0" type="cond" truecount="0" falsecount="4"/>
        <line num="19" count="0" type="stmt"/>
        <line num="21" count="0" type="stmt"/>
        <line num="22" count="0" type="stmt"/>
        <line num="27" count="0" type="stmt"/>
        <line num="28" count="0" type="stmt"/>
        <line num="33" count="0" type="stmt"/>
        <line num="34" count="0" type="stmt"/>
        <line num="39" count="0" type="stmt"/>
        <line num="40" count="0" type="stmt"/>
        <line num="44" count="0" type="stmt"/>
        <line num="45" count="0" type="stmt"/>
        <line num="50" count="0" type="stmt"/>
        <line num="51" count="0" type="stmt"/>
        <line num="56" count="0" type="stmt"/>
        <line num="57" count="0" type="stmt"/>
        <line num="62" count="0" type="stmt"/>
        <line num="63" count="0" type="stmt"/>
        <line num="67" count="0" type="stmt"/>
        <line num="70" count="0" type="stmt"/>
        <line num="73" count="0" type="stmt"/>
        <line num="74" count="0" type="stmt"/>
      </file>
      <file name="authApi.js" path="D:\Projects\hostel-management-system\frontend\src\api\authApi.js">
        <metrics statements="9" coveredstatements="3" conditionals="0" coveredconditionals="0" methods="4" coveredmethods="1"/>
        <line num="5" count="1" type="stmt"/>
        <line num="10" count="2" type="stmt"/>
        <line num="14" count="1" type="stmt"/>
        <line num="18" count="0" type="stmt"/>
        <line num="19" count="0" type="stmt"/>
        <line num="23" count="0" type="stmt"/>
        <line num="27" count="0" type="stmt"/>
        <line num="31" count="0" type="stmt"/>
        <line num="35" count="0" type="stmt"/>
      </file>
      <file name="axiosInstance.js" path="D:\Projects\hostel-management-system\frontend\src\api\axiosInstance.js">
        <metrics statements="15" coveredstatements="12" conditionals="6" coveredconditionals="5" methods="4" coveredmethods="3"/>
        <line num="11" count="6" type="stmt"/>
        <line num="23" count="6" type="stmt"/>
        <line num="25" count="23" type="stmt"/>
        <line num="29" count="23" type="cond" truecount="2" falsecount="0"/>
        <line num="30" count="21" type="stmt"/>
        <line num="33" count="23" type="stmt"/>
        <line num="37" count="0" type="stmt"/>
        <line num="47" count="6" type="stmt"/>
        <line num="49" count="21" type="stmt"/>
        <line num="52" count="2" type="stmt"/>
        <line num="55" count="2" type="stmt"/>
        <line num="57" count="2" type="cond" truecount="3" falsecount="1"/>
        <line num="58" count="0" type="stmt"/>
        <line num="59" count="0" type="stmt"/>
        <line num="62" count="2" type="stmt"/>
      </file>
      <file name="gatepassApi.js" path="D:\Projects\hostel-management-system\frontend\src\api\gatepassApi.js">
        <metrics statements="10" coveredstatements="1" conditionals="2" coveredconditionals="0" methods="1" coveredmethods="0"/>
        <line num="5" count="1" type="stmt"/>
        <line num="9" count="0" type="stmt"/>
        <line num="15" count="0" type="stmt"/>
        <line num="16" count="0" type="stmt"/>
        <line num="17" count="0" type="stmt"/>
        <line num="18" count="0" type="cond" truecount="0" falsecount="2"/>
        <line num="19" count="0" type="stmt"/>
        <line num="20" count="0" type="stmt"/>
        <line num="21" count="0" type="stmt"/>
        <line num="22" count="0" type="stmt"/>
      </file>
      <file name="studentApi.js" path="D:\Projects\hostel-management-system\frontend\src\api\studentApi.js">
        <metrics statements="13" coveredstatements="3" conditionals="0" coveredconditionals="0" methods="6" coveredmethods="1"/>
        <line num="5" count="1" type="stmt"/>
        <line num="8" count="0" type="stmt"/>
        <line num="9" count="0" type="stmt"/>
        <line num="15" count="0" type="stmt"/>
        <line num="16" count="0" type="stmt"/>
        <line num="21" count="2" type="stmt"/>
        <line num="22" count="2" type="stmt"/>
        <line num="27" count="0" type="stmt"/>
        <line num="28" count="0" type="stmt"/>
        <line num="33" count="0" type="stmt"/>
        <line num="34" count="0" type="stmt"/>
        <line num="38" count="0" type="stmt"/>
        <line num="39" count="0" type="stmt"/>
      </file>
      <file name="wardenApi.js" path="D:\Projects\hostel-management-system\frontend\src\api\wardenApi.js">
        <metrics statements="19" coveredstatements="5" conditionals="11" coveredconditionals="1" methods="7" coveredmethods="2"/>
        <line num="5" count="1" type="stmt"/>
        <line num="9" count="0" type="stmt"/>
        <line num="10" count="0" type="cond" truecount="0" falsecount="2"/>
        <line num="11" count="0" type="cond" truecount="0" falsecount="2"/>
        <line num="12" count="0" type="cond" truecount="0" falsecount="2"/>
        <line num="14" count="0" type="stmt"/>
        <line num="15" count="0" type="stmt"/>
        <line num="20" count="0" type="stmt"/>
        <line num="21" count="0" type="stmt"/>
        <line num="27" count="3" type="stmt"/>
        <line num="28" count="3" type="stmt"/>
        <line num="33" count="0" type="stmt"/>
        <line num="34" count="0" type="stmt"/>
        <line num="39" count="1" type="stmt"/>
        <line num="43" count="1" type="stmt"/>
        <line num="48" count="0" type="stmt"/>
        <line num="52" count="0" type="stmt"/>
        <line num="56" count="0" type="stmt"/>
        <line num="57" count="0" type="stmt"/>
      </file>
    </package>
    <package name="components">
      <metrics statements="17" coveredstatements="15" conditionals="12" coveredconditionals="11" methods="6" coveredmethods="5"/>
      <file name="Badge.jsx" path="D:\Projects\hostel-management-system\frontend\src\components\Badge.jsx">
        <metrics statements="3" coveredstatements="3" conditionals="2" coveredconditionals="2" methods="1" coveredmethods="1"/>
        <line num="4" count="2" type="stmt"/>
        <line num="13" count="52" type="cond" truecount="2" falsecount="0"/>
        <line num="15" count="52" type="stmt"/>
      </file>
      <file name="ConfirmModal.jsx" path="D:\Projects\hostel-management-system\frontend\src\components\ConfirmModal.jsx">
        <metrics statements="13" coveredstatements="11" conditionals="9" coveredconditionals="8" methods="4" coveredmethods="3"/>
        <line num="21" count="32" type="stmt"/>
        <line num="22" count="32" type="stmt"/>
        <line num="24" count="32" type="cond" truecount="2" falsecount="0"/>
        <line num="26" count="29" type="cond" truecount="1" falsecount="1"/>
        <line num="31" count="1" type="stmt"/>
        <line num="32" count="1" type="stmt"/>
        <line num="33" count="1" type="stmt"/>
        <line num="34" count="1" type="stmt"/>
        <line num="36" count="1" type="stmt"/>
        <line num="41" count="0" type="stmt"/>
        <line num="42" count="0" type="stmt"/>
        <line num="45" count="32" type="stmt"/>
        <line num="61" count="27" type="stmt"/>
      </file>
      <file name="LoadingSpinner.jsx" path="D:\Projects\hostel-management-system\frontend\src\components\LoadingSpinner.jsx">
        <metrics statements="1" coveredstatements="1" conditionals="1" coveredconditionals="1" methods="1" coveredmethods="1"/>
        <line num="4" count="5" type="stmt"/>
      </file>
    </package>
    <package name="context">
      <metrics statements="26" coveredstatements="24" conditionals="2" coveredconditionals="2" methods="6" coveredmethods="6"/>
      <file name="AuthContext.jsx" path="D:\Projects\hostel-management-system\frontend\src\context\AuthContext.jsx">
        <metrics statements="26" coveredstatements="24" conditionals="2" coveredconditionals="2" methods="6" coveredmethods="6"/>
        <line num="9" count="6" type="stmt"/>
        <line num="18" count="39" type="stmt"/>
        <line num="19" count="39" type="stmt"/>
        <line num="25" count="39" type="stmt"/>
        <line num="26" count="13" type="stmt"/>
        <line num="27" count="13" type="stmt"/>
        <line num="28" count="13" type="stmt"/>
        <line num="30" count="0" type="stmt"/>
        <line num="31" count="0" type="stmt"/>
        <line num="39" count="39" type="stmt"/>
        <line num="40" count="19" type="stmt"/>
        <line num="41" count="19" type="cond" truecount="2" falsecount="0"/>
        <line num="42" count="12" type="stmt"/>
        <line num="43" count="12" type="stmt"/>
        <line num="46" count="19" type="stmt"/>
        <line num="49" count="19" type="stmt"/>
        <line num="56" count="39" type="stmt"/>
        <line num="58" count="1" type="stmt"/>
        <line num="65" count="1" type="stmt"/>
        <line num="66" count="1" type="stmt"/>
        <line num="68" count="1" type="stmt"/>
        <line num="73" count="39" type="stmt"/>
        <line num="74" count="1" type="stmt"/>
        <line num="75" count="1" type="stmt"/>
        <line num="81" count="39" type="stmt"/>
        <line num="90" count="39" type="stmt"/>
      </file>
    </package>
    <package name="hooks">
      <metrics statements="6" coveredstatements="5" conditionals="4" coveredconditionals="2" methods="3" coveredmethods="3"/>
      <file name="useAuth.js" path="D:\Projects\hostel-management-system\frontend\src\hooks\useAuth.js">
        <metrics statements="4" coveredstatements="3" conditionals="2" coveredconditionals="1" methods="1" coveredmethods="1"/>
        <line num="10" count="70" type="stmt"/>
        <line num="12" count="70" type="cond" truecount="1" falsecount="1"/>
        <line num="13" count="0" type="stmt"/>
        <line num="19" count="70" type="stmt"/>
      </file>
      <file name="usePageTitle.js" path="D:\Projects\hostel-management-system\frontend\src\hooks\usePageTitle.js">
        <metrics statements="2" coveredstatements="2" conditionals="2" coveredconditionals="1" methods="2" coveredmethods="2"/>
        <line num="6" count="152" type="stmt"/>
        <line num="7" count="13" type="cond" truecount="1" falsecount="1"/>
      </file>
    </package>
    <package name="pages">
      <metrics statements="46" coveredstatements="38" conditionals="32" coveredconditionals="20" methods="7" coveredmethods="6"/>
      <file name="Login.jsx" path="D:\Projects\hostel-management-system\frontend\src\pages\Login.jsx">
        <metrics statements="46" coveredstatements="38" conditionals="32" coveredconditionals="20" methods="7" coveredmethods="6"/>
        <line num="13" count="1" type="stmt"/>
        <line num="21" count="57" type="stmt"/>
        <line num="22" count="57" type="stmt"/>
        <line num="23" count="57" type="stmt"/>
        <line num="25" count="57" type="stmt"/>
        <line num="26" count="57" type="stmt"/>
        <line num="27" count="57" type="stmt"/>
        <line num="28" count="57" type="stmt"/>
        <line num="29" count="57" type="stmt"/>
        <line num="30" count="57" type="stmt"/>
        <line num="32" count="57" type="stmt"/>
        <line num="33" count="57" type="stmt"/>
        <line num="34" count="3" type="stmt"/>
        <line num="35" count="3" type="stmt"/>
        <line num="37" count="3" type="cond" truecount="4" falsecount="0"/>
        <line num="38" count="1" type="stmt"/>
        <line num="39" count="1" type="stmt"/>
        <line num="42" count="2" type="stmt"/>
        <line num="44" count="2" type="stmt"/>
        <line num="45" count="2" type="stmt"/>
        <line num="47" count="1" type="cond" truecount="1" falsecount="1"/>
        <line num="48" count="0" type="stmt"/>
        <line num="54" count="1" type="stmt"/>
        <line num="55" count="1" type="stmt"/>
        <line num="57" count="1" type="stmt"/>
        <line num="58" count="3" type="cond" truecount="2" falsecount="2"/>
        <line num="62" count="3" type="stmt"/>
        <line num="66" count="1" type="stmt"/>
        <line num="68" count="1" type="cond" truecount="1" falsecount="1"/>
        <line num="69" count="1" type="stmt"/>
        <line num="70" count="1" type="cond" truecount="1" falsecount="1"/>
        <line num="71" count="1" type="stmt"/>
        <line num="72" count="0" type="cond" truecount="0" falsecount="2"/>
        <line num="73" count="0" type="stmt"/>
        <line num="74" count="0" type="cond" truecount="0" falsecount="2"/>
        <line num="75" count="0" type="stmt"/>
        <line num="77" count="0" type="cond" truecount="0" falsecount="2"/>
        <line num="78" count="0" type="stmt"/>
        <line num="81" count="1" type="stmt"/>
        <line num="82" count="1" type="stmt"/>
        <line num="84" count="2" type="stmt"/>
        <line num="89" count="57" type="stmt"/>
        <line num="130" count="0" type="stmt"/>
        <line num="152" count="12" type="stmt"/>
        <line num="172" count="28" type="stmt"/>
        <line num="182" count="1" type="stmt"/>
      </file>
    </package>
    <package name="pages.admin">
      <metrics statements="35" coveredstatements="30" conditionals="40" coveredconditionals="26" methods="9" coveredmethods="7"/>
      <file name="CreateUser.jsx" path="D:\Projects\hostel-management-system\frontend\src\pages\admin\CreateUser.jsx">
        <metrics statements="35" coveredstatements="30" conditionals="40" coveredconditionals="26" methods="9" coveredmethods="7"/>
        <line num="8" count="1" type="stmt"/>
        <line num="27" count="1" type="stmt"/>
        <line num="30" count="62" type="stmt"/>
        <line num="31" count="62" type="stmt"/>
        <line num="32" count="62" type="stmt"/>
        <line num="33" count="62" type="stmt"/>
        <line num="35" count="53" type="stmt"/>
        <line num="39" count="1" type="stmt"/>
        <line num="43" count="2" type="stmt"/>
        <line num="44" count="2" type="stmt"/>
        <line num="47" count="2" type="stmt"/>
        <line num="56" count="2" type="cond" truecount="1" falsecount="1"/>
        <line num="57" count="2" type="cond" truecount="2" falsecount="0"/>
        <line num="58" count="2" type="cond" truecount="2" falsecount="0"/>
        <line num="59" count="2" type="stmt"/>
        <line num="60" count="2" type="cond" truecount="2" falsecount="0"/>
        <line num="61" count="2" type="cond" truecount="2" falsecount="0"/>
        <line num="64" count="0" type="cond" truecount="0" falsecount="2"/>
        <line num="65" count="0" type="cond" truecount="0" falsecount="2"/>
        <line num="66" count="0" type="cond" truecount="0" falsecount="2"/>
        <line num="69" count="2" type="stmt"/>
        <line num="70" count="2" type="stmt"/>
        <line num="71" count="1" type="stmt"/>
        <line num="72" count="1" type="stmt"/>
        <line num="75" count="1" type="stmt"/>
        <line num="76" count="1" type="cond" truecount="1" falsecount="1"/>
        <line num="78" count="1" type="cond" truecount="1" falsecount="1"/>
        <line num="80" count="0" type="cond" truecount="0" falsecount="2"/>
        <line num="83" count="2" type="stmt"/>
        <line num="87" count="62" type="stmt"/>
        <line num="89" count="62" type="stmt"/>
        <line num="105" count="248" type="stmt"/>
        <line num="108" count="1" type="stmt"/>
        <line num="160" count="0" type="stmt"/>
        <line num="254" count="244" type="stmt"/>
      </file>
    </package>
    <package name="pages.student">
      <metrics statements="45" coveredstatements="23" conditionals="28" coveredconditionals="10" methods="9" coveredmethods="6"/>
      <file name="GatePasses.jsx" path="D:\Projects\hostel-management-system\frontend\src\pages\student\GatePasses.jsx">
        <metrics statements="45" coveredstatements="23" conditionals="28" coveredconditionals="10" methods="9" coveredmethods="6"/>
        <line num="13" count="1" type="stmt"/>
        <line num="23" count="26" type="stmt"/>
        <line num="24" count="26" type="stmt"/>
        <line num="25" count="26" type="stmt"/>
        <line num="26" count="26" type="stmt"/>
        <line num="27" count="26" type="stmt"/>
        <line num="29" count="26" type="stmt"/>
        <line num="30" count="2" type="stmt"/>
        <line num="34" count="2" type="stmt"/>
        <line num="35" count="2" type="stmt"/>
        <line num="36" count="2" type="stmt"/>
        <line num="38" count="2" type="stmt"/>
        <line num="40" count="0" type="stmt"/>
        <line num="42" count="2" type="stmt"/>
        <line num="47" count="22" type="stmt"/>
        <line num="51" count="1" type="stmt"/>
        <line num="54" count="1" type="stmt"/>
        <line num="55" count="1" type="stmt"/>
        <line num="57" count="1" type="cond" truecount="1" falsecount="1"/>
        <line num="58" count="1" type="stmt"/>
        <line num="59" count="1" type="stmt"/>
        <line num="62" count="0" type="stmt"/>
        <line num="68" count="0" type="stmt"/>
        <line num="69" count="0" type="stmt"/>
        <line num="70" count="0" type="stmt"/>
        <line num="71" count="0" type="stmt"/>
        <line num="72" count="0" type="stmt"/>
        <line num="73" count="0" type="stmt"/>
        <line num="76" count="0" type="stmt"/>
        <line num="77" count="0" type="stmt"/>
        <line num="79" count="0" type="cond" truecount="0" falsecount="2"/>
        <line num="81" count="0" type="stmt"/>
        <line num="82" count="0" type="cond" truecount="0" falsecount="2"/>
        <line num="84" count="0" type="cond" truecount="0" falsecount="2"/>
        <line num="85" count="0" type="cond" truecount="0" falsecount="2"/>
        <line num="87" count="0" type="stmt"/>
        <line num="90" count="0" type="stmt"/>
        <line num="92" count="0" type="stmt"/>
        <line num="97" count="0" type="stmt"/>
        <line num="98" count="0" type="stmt"/>
        <line num="100" count="0" type="stmt"/>
        <line num="105" count="26" type="stmt"/>
        <line num="107" count="26" type="stmt"/>
        <line num="252" count="24" type="stmt"/>
        <line num="292" count="0" type="stmt"/>
      </file>
    </package>
    <package name="pages.warden">
      <metrics statements="29" coveredstatements="24" conditionals="26" coveredconditionals="18" methods="9" coveredmethods="8"/>
      <file name="PendingRequests.jsx" path="D:\Projects\hostel-management-system\frontend\src\pages\warden\PendingRequests.jsx">
        <metrics statements="29" coveredstatements="24" conditionals="26" coveredconditionals="18" methods="9" coveredmethods="8"/>
        <line num="11" count="7" type="stmt"/>
        <line num="12" count="7" type="stmt"/>
        <line num="13" count="7" type="stmt"/>
        <line num="15" count="7" type="stmt"/>
        <line num="17" count="7" type="stmt"/>
        <line num="18" count="2" type="stmt"/>
        <line num="22" count="3" type="stmt"/>
        <line num="23" count="3" type="stmt"/>
        <line num="24" count="3" type="stmt"/>
        <line num="25" count="3" type="stmt"/>
        <line num="27" count="0" type="stmt"/>
        <line num="29" count="3" type="stmt"/>
        <line num="34" count="1" type="stmt"/>
        <line num="38" count="1" type="stmt"/>
        <line num="42" count="1" type="stmt"/>
        <line num="43" count="1" type="stmt"/>
        <line num="44" count="1" type="cond" truecount="1" falsecount="1"/>
        <line num="45" count="1" type="stmt"/>
        <line num="46" count="1" type="cond" truecount="1" falsecount="1"/>
        <line num="48" count="0" type="stmt"/>
        <line num="49" count="0" type="cond" truecount="0" falsecount="2"/>
        <line num="51" count="1" type="stmt"/>
        <line num="52" count="1" type="stmt"/>
        <line num="54" count="0" type="cond" truecount="0" falsecount="2"/>
        <line num="58" count="7" type="cond" truecount="2" falsecount="0"/>
        <line num="60" count="4" type="stmt"/>
        <line num="88" count="4" type="stmt"/>
        <line num="130" count="1" type="stmt"/>
        <line num="138" count="0" type="stmt"/>
      </file>
    </package>
    <package name="routes">
      <metrics statements="11" coveredstatements="11" conditionals="10" coveredconditionals="9" methods="1" coveredmethods="1"/>
      <file name="ProtectedRoute.jsx" path="D:\Projects\hostel-management-system\frontend\src\routes\ProtectedRoute.jsx">
        <metrics statements="11" coveredstatements="11" conditionals="10" coveredconditionals="9" methods="1" coveredmethods="1"/>
        <line num="11" count="6" type="stmt"/>
        <line num="15" count="6" type="stmt"/>
        <line num="20" count="6" type="cond" truecount="2" falsecount="0"/>
        <line num="21" count="3" type="stmt"/>
        <line num="36" count="3" type="cond" truecount="2" falsecount="0"/>
        <line num="37" count="1" type="stmt"/>
        <line num="42" count="2" type="cond" truecount="3" falsecount="1"/>
        <line num="43" count="2" type="stmt"/>
        <line num="44" count="2" type="cond" truecount="2" falsecount="0"/>
        <line num="45" count="1" type="stmt"/>
        <line num="50" count="1" type="stmt"/>
      </file>
    </package>
    <package name="test">
      <metrics statements="5" coveredstatements="5" conditionals="2" coveredconditionals="2" methods="2" coveredmethods="2"/>
      <file name="test-utils.jsx" path="D:\Projects\hostel-management-system\frontend\src\test\test-utils.jsx">
        <metrics statements="5" coveredstatements="5" conditionals="2" coveredconditionals="2" methods="2" coveredmethods="2"/>
        <line num="9" count="16" type="stmt"/>
        <line num="11" count="16" type="stmt"/>
        <line num="23" count="10" type="stmt"/>
        <line num="24" count="10" type="stmt"/>
        <line num="25" count="10" type="stmt"/>
      </file>
    </package>
    <package name="test.mocks">
      <metrics statements="61" coveredstatements="21" conditionals="16" coveredconditionals="9" methods="32" coveredmethods="6"/>
      <file name="handlers.js" path="D:\Projects\hostel-management-system\frontend\src\test\mocks\handlers.js">
        <metrics statements="60" coveredstatements="20" conditionals="16" coveredconditionals="9" methods="32" coveredmethods="6"/>
        <line num="6" count="9" type="stmt"/>
        <line num="31" count="9" type="stmt"/>
        <line num="51" count="9" type="stmt"/>
        <line num="54" count="2" type="stmt"/>
        <line num="56" count="2" type="stmt"/>
        <line num="63" count="2" type="stmt"/>
        <line num="65" count="2" type="cond" truecount="4" falsecount="0"/>
        <line num="66" count="1" type="stmt"/>
        <line num="72" count="1" type="stmt"/>
        <line num="81" count="13" type="stmt"/>
        <line num="82" count="13" type="cond" truecount="1" falsecount="1"/>
        <line num="83" count="13" type="stmt"/>
        <line num="88" count="0" type="stmt"/>
        <line num="92" count="0" type="stmt"/>
        <line num="93" count="0" type="stmt"/>
        <line num="97" count="2" type="stmt"/>
        <line num="101" count="0" type="stmt"/>
        <line num="103" count="0" type="stmt"/>
        <line num="104" count="0" type="stmt"/>
        <line num="105" count="0" type="cond" truecount="0" falsecount="2"/>
        <line num="106" count="0" type="stmt"/>
        <line num="112" count="0" type="stmt"/>
        <line num="116" count="0" type="stmt"/>
        <line num="127" count="3" type="stmt"/>
        <line num="131" count="0" type="stmt"/>
        <line num="135" count="0" type="stmt"/>
        <line num="139" count="1" type="stmt"/>
        <line num="140" count="1" type="stmt"/>
        <line num="146" count="0" type="stmt"/>
        <line num="147" count="0" type="stmt"/>
        <line num="153" count="0" type="stmt"/>
        <line num="164" count="0" type="stmt"/>
        <line num="168" count="0" type="stmt"/>
        <line num="172" count="0" type="stmt"/>
        <line num="176" count="0" type="stmt"/>
        <line num="180" count="0" type="stmt"/>
        <line num="184" count="0" type="stmt"/>
        <line num="195" count="0" type="stmt"/>
        <line num="199" count="0" type="stmt"/>
        <line num="203" count="0" type="stmt"/>
        <line num="207" count="0" type="stmt"/>
        <line num="211" count="2" type="stmt"/>
        <line num="213" count="2" type="cond" truecount="4" falsecount="0"/>
        <line num="214" count="1" type="stmt"/>
        <line num="220" count="1" type="stmt"/>
        <line num="224" count="0" type="stmt"/>
        <line num="228" count="0" type="stmt"/>
        <line num="229" count="0" type="stmt"/>
        <line num="233" count="0" type="stmt"/>
        <line num="237" count="0" type="stmt"/>
        <line num="241" count="0" type="stmt"/>
        <line num="252" count="0" type="stmt"/>
        <line num="258" count="0" type="stmt"/>
        <line num="259" count="0" type="cond" truecount="0" falsecount="2"/>
        <line num="260" count="0" type="stmt"/>
        <line num="265" count="0" type="stmt"/>
        <line num="269" count="0" type="stmt"/>
        <line num="270" count="0" type="cond" truecount="0" falsecount="2"/>
        <line num="271" count="0" type="stmt"/>
        <line num="276" count="0" type="stmt"/>
      </file>
      <file name="server.js" path="D:\Projects\hostel-management-system\frontend\src\test\mocks\server.js">
        <metrics statements="1" coveredstatements="1" conditionals="0" coveredconditionals="0" methods="0" coveredmethods="0"/>
        <line num="6" count="9" type="stmt"/>
      </file>
    </package>
    <package name="utils">
      <metrics statements="51" coveredstatements="43" conditionals="28" coveredconditionals="22" methods="11" coveredmethods="10"/>
      <file name="dateFormat.js" path="D:\Projects\hostel-management-system\frontend\src\utils\dateFormat.js">
        <metrics statements="32" coveredstatements="25" conditionals="19" coveredconditionals="14" methods="4" coveredmethods="4"/>
        <line num="3" count="3" type="stmt"/>
        <line num="8" count="59" type="cond" truecount="2" falsecount="0"/>
        <line num="9" count="57" type="stmt"/>
        <line num="10" count="57" type="stmt"/>
        <line num="11" count="57" type="stmt"/>
        <line num="12" count="57" type="stmt"/>
        <line num="13" count="57" type="stmt"/>
        <line num="19" count="2" type="cond" truecount="1" falsecount="1"/>
        <line num="20" count="2" type="stmt"/>
        <line num="21" count="2" type="stmt"/>
        <line num="22" count="2" type="stmt"/>
        <line num="23" count="2" type="stmt"/>
        <line num="24" count="2" type="stmt"/>
        <line num="30" count="61" type="cond" truecount="1" falsecount="1"/>
        <line num="34" count="61" type="cond" truecount="3" falsecount="1"/>
        <line num="36" count="0" type="stmt"/>
        <line num="37" count="0" type="stmt"/>
        <line num="38" count="0" type="stmt"/>
        <line num="41" count="61" type="stmt"/>
        <line num="42" count="61" type="stmt"/>
        <line num="43" count="61" type="stmt"/>
        <line num="46" count="61" type="cond" truecount="2" falsecount="0"/>
        <line num="47" count="61" type="cond" truecount="2" falsecount="0"/>
        <line num="48" count="61" type="stmt"/>
        <line num="50" count="61" type="stmt"/>
        <line num="56" count="1" type="cond" truecount="1" falsecount="1"/>
        <line num="59" count="1" type="cond" truecount="1" falsecount="1"/>
        <line num="60" count="1" type="stmt"/>
        <line num="64" count="0" type="stmt"/>
        <line num="65" count="0" type="stmt"/>
        <line num="66" count="0" type="stmt"/>
        <line num="67" count="0" type="stmt"/>
      </file>
      <file name="errorHelper.js" path="D:\Projects\hostel-management-system\frontend\src\utils\errorHelper.js">
        <metrics statements="5" coveredstatements="5" conditionals="9" coveredconditionals="8" methods="1" coveredmethods="1"/>
        <line num="4" count="4" type="stmt"/>
        <line num="6" count="4" type="cond" truecount="2" falsecount="0"/>
        <line num="7" count="3" type="cond" truecount="3" falsecount="1"/>
        <line num="8" count="2" type="cond" truecount="2" falsecount="0"/>
        <line num="10" count="1" type="stmt"/>
      </file>
      <file name="tokenHelper.js" path="D:\Projects\hostel-management-system\frontend\src\utils\tokenHelper.js">
        <metrics statements="14" coveredstatements="13" conditionals="0" coveredconditionals="0" methods="6" coveredmethods="5"/>
        <line num="3" count="6" type="stmt"/>
        <line num="4" count="6" type="stmt"/>
        <line num="5" count="6" type="stmt"/>
        <line num="7" count="6" type="stmt"/>
        <line num="12" count="1" type="stmt"/>
        <line num="13" count="1" type="stmt"/>
        <line num="14" count="1" type="stmt"/>
        <line num="18" count="23" type="stmt"/>
        <line num="19" count="2" type="stmt"/>
        <line num="20" count="0" type="stmt"/>
        <line num="24" count="23" type="stmt"/>
        <line num="28" count="1" type="stmt"/>
        <line num="29" count="1" type="stmt"/>
        <line num="30" count="1" type="stmt"/>
      </file>
    </package>
  </project>
</coverage>
