{"D:\\Projects\\hostel-management-system\\frontend\\src\\api\\adminApi.js": {"path":"D:\\Projects\\hostel-management-system\\frontend\\src\\api\\adminApi.js","statementMap":{"0":{"start":{"line":5,"column":17},"end":{"line":76,"column":null}},"1":{"start":{"line":8,"column":20},"end":{"line":8,"column":null}},"2":{"start":{"line":9,"column":8},"end":{"line":9,"column":null}},"3":{"start":{"line":14,"column":23},"end":{"line":14,"column":null}},"4":{"start":{"line":15,"column":8},"end":{"line":15,"column":null}},"5":{"start":{"line":15,"column":30},"end":{"line":15,"column":null}},"6":{"start":{"line":16,"column":8},"end":{"line":16,"column":null}},"7":{"start":{"line":16,"column":30},"end":{"line":16,"column":null}},"8":{"start":{"line":17,"column":8},"end":{"line":17,"column":null}},"9":{"start":{"line":17,"column":30},"end":{"line":17,"column":null}},"10":{"start":{"line":18,"column":8},"end":{"line":20,"column":null}},"11":{"start":{"line":19,"column":12},"end":{"line":19,"column":null}},"12":{"start":{"line":21,"column":20},"end":{"line":21,"column":null}},"13":{"start":{"line":22,"column":8},"end":{"line":22,"column":null}},"14":{"start":{"line":27,"column":20},"end":{"line":27,"column":null}},"15":{"start":{"line":28,"column":8},"end":{"line":28,"column":null}},"16":{"start":{"line":33,"column":20},"end":{"line":33,"column":null}},"17":{"start":{"line":34,"column":8},"end":{"line":34,"column":null}},"18":{"start":{"line":39,"column":20},"end":{"line":39,"column":null}},"19":{"start":{"line":40,"column":8},"end":{"line":40,"column":null}},"20":{"start":{"line":44,"column":20},"end":{"line":44,"column":null}},"21":{"start":{"line":45,"column":8},"end":{"line":45,"column":null}},"22":{"start":{"line":50,"column":20},"end":{"line":50,"column":null}},"23":{"start":{"line":51,"column":8},"end":{"line":51,"column":null}},"24":{"start":{"line":56,"column":20},"end":{"line":56,"column":null}},"25":{"start":{"line":57,"column":8},"end":{"line":57,"column":null}},"26":{"start":{"line":62,"column":20},"end":{"line":62,"column":null}},"27":{"start":{"line":63,"column":8},"end":{"line":63,"column":null}},"28":{"start":{"line":67,"column":16},"end":{"line":69,"column":null}},"29":{"start":{"line":70,"column":4},"end":{"line":70,"column":null}},"30":{"start":{"line":73,"column":16},"end":{"line":73,"column":null}},"31":{"start":{"line":74,"column":4},"end":{"line":74,"column":null}}},"fnMap":{"0":{"name":"createUser","decl":{"start":{"line":7,"column":10},"end":{"line":7,"column":21}},"loc":{"start":{"line":7,"column":27},"end":{"line":10,"column":null}},"line":7},"1":{"name":"getStudents","decl":{"start":{"line":13,"column":10},"end":{"line":13,"column":22}},"loc":{"start":{"line":13,"column":36},"end":{"line":23,"column":null}},"line":13},"2":{"name":"getWardens","decl":{"start":{"line":26,"column":10},"end":{"line":26,"column":23}},"loc":{"start":{"line":26,"column":23},"end":{"line":29,"column":null}},"line":26},"3":{"name":"getSecurity","decl":{"start":{"line":32,"column":10},"end":{"line":32,"column":24}},"loc":{"start":{"line":32,"column":24},"end":{"line":35,"column":null}},"line":32},"4":{"name":"getUser","decl":{"start":{"line":38,"column":10},"end":{"line":38,"column":18}},"loc":{"start":{"line":38,"column":26},"end":{"line":41,"column":null}},"line":38},"5":{"name":"getAdmins","decl":{"start":{"line":43,"column":10},"end":{"line":43,"column":22}},"loc":{"start":{"line":43,"column":22},"end":{"line":46,"column":null}},"line":43},"6":{"name":"updateUser","decl":{"start":{"line":49,"column":10},"end":{"line":49,"column":21}},"loc":{"start":{"line":49,"column":35},"end":{"line":52,"column":null}},"line":49},"7":{"name":"activateUser","decl":{"start":{"line":55,"column":10},"end":{"line":55,"column":23}},"loc":{"start":{"line":55,"column":31},"end":{"line":58,"column":null}},"line":55},"8":{"name":"deactivateUser","decl":{"start":{"line":61,"column":10},"end":{"line":61,"column":25}},"loc":{"start":{"line":61,"column":33},"end":{"line":64,"column":null}},"line":61},"9":{"name":"resetUserPassword","decl":{"start":{"line":66,"column":10},"end":{"line":66,"column":28}},"loc":{"start":{"line":66,"column":56},"end":{"line":71,"column":null}},"line":66},"10":{"name":"getStats","decl":{"start":{"line":72,"column":6},"end":{"line":72,"column":17}},"loc":{"start":{"line":72,"column":17},"end":{"line":75,"column":null}},"line":72}},"branchMap":{"0":{"loc":{"start":{"line":13,"column":22},"end":{"line":13,"column":36}},"type":"default-arg","locations":[{"start":{"line":13,"column":32},"end":{"line":13,"column":36}}],"line":13},"1":{"loc":{"start":{"line":15,"column":8},"end":{"line":15,"column":null}},"type":"if","locations":[{"start":{"line":15,"column":8},"end":{"line":15,"column":null}},{"start":{},"end":{}}],"line":15},"2":{"loc":{"start":{"line":16,"column":8},"end":{"line":16,"column":null}},"type":"if","locations":[{"start":{"line":16,"column":8},"end":{"line":16,"column":null}},{"start":{},"end":{}}],"line":16},"3":{"loc":{"start":{"line":17,"column":8},"end":{"line":17,"column":null}},"type":"if","locations":[{"start":{"line":17,"column":8},"end":{"line":17,"column":null}},{"start":{},"end":{}}],"line":17},"4":{"loc":{"start":{"line":18,"column":8},"end":{"line":20,"column":null}},"type":"if","locations":[{"start":{"line":18,"column":8},"end":{"line":20,"column":null}},{"start":{},"end":{}}],"line":18},"5":{"loc":{"start":{"line":18,"column":12},"end":{"line":18,"column":73}},"type":"binary-expr","locations":[{"start":{"line":18,"column":12},"end":{"line":18,"column":47}},{"start":{"line":18,"column":47},"end":{"line":18,"column":73}}],"line":18},"6":{"loc":{"start":{"line":66,"column":36},"end":{"line":66,"column":56}},"type":"default-arg","locations":[{"start":{"line":66,"column":50},"end":{"line":66,"column":56}}],"line":66}},"s":{"0":1,"1":2,"2":1,"3":0,"4":0,"5":0,"6":0,"7":0,"8":0,"9":0,"10":0,"11":0,"12":0,"13":0,"14":0,"15":0,"16":0,"17":0,"18":0,"19":0,"20":0,"21":0,"22":0,"23":0,"24":0,"25":0,"26":0,"27":0,"28":0,"29":0,"30":0,"31":0},"f":{"0":2,"1":0,"2":0,"3":0,"4":0,"5":0,"6":0,"7":0,"8":0,"9":0,"10":0},"b":{"0":[0],"1":[0,0],"2":[0,0],"3":[0,0],"4":[0,0],"5":[0,0],"6":[0]},"meta":{"lastBranch":7,"lastFunction":11,"lastStatement":32,"seen":{"s:5:17:76:Infinity":0,"f:7:10:7:21":0,"s:8:20:8:Infinity":1,"s:9:8:9:Infinity":2,"f:13:10:13:22":1,"b:13:32:13:36":0,"s:14:23:14:Infinity":3,"b:15:8:15:Infinity:undefined:undefined:undefined:undefined":1,"s:15:8:15:Infinity":4,"s:15:30:15:Infinity":5,"b:16:8:16:Infinity:undefined:undefined:undefined:undefined":2,"s:16:8:16:Infinity":6,"s:16:30:16:Infinity":7,"b:17:8:17:Infinity:undefined:undefined:undefined:undefined":3,"s:17:8:17:Infinity":8,"s:17:30:17:Infinity":9,"b:18:8:20:Infinity:undefined:undefined:undefined:undefined":4,"s:18:8:20:Infinity":10,"b:18:12:18:47:18:47:18:73":5,"s:19:12:19:Infinity":11,"s:21:20:21:Infinity":12,"s:22:8:22:Infinity":13,"f:26:10:26:23":2,"s:27:20:27:Infinity":14,"s:28:8:28:Infinity":15,"f:32:10:32:24":3,"s:33:20:33:Infinity":16,"s:34:8:34:Infinity":17,"f:38:10:38:18":4,"s:39:20:39:Infinity":18,"s:40:8:40:Infinity":19,"f:43:10:43:22":5,"s:44:20:44:Infinity":20,"s:45:8:45:Infinity":21,"f:49:10:49:21":6,"s:50:20:50:Infinity":22,"s:51:8:51:Infinity":23,"f:55:10:55:23":7,"s:56:20:56:Infinity":24,"s:57:8:57:Infinity":25,"f:61:10:61:25":8,"s:62:20:62:Infinity":26,"s:63:8:63:Infinity":27,"f:66:10:66:28":9,"b:66:50:66:56":6,"s:67:16:69:Infinity":28,"s:70:4:70:Infinity":29,"f:72:6:72:17":10,"s:73:16:73:Infinity":30,"s:74:4:74:Infinity":31},"fnNames":{}}}
,"D:\\Projects\\hostel-management-system\\frontend\\src\\api\\authApi.js": {"path":"D:\\Projects\\hostel-management-system\\frontend\\src\\api\\authApi.js","statementMap":{"0":{"start":{"line":5,"column":16},"end":{"line":39,"column":null}},"1":{"start":{"line":10,"column":25},"end":{"line":13,"column":null}},"2":{"start":{"line":14,"column":8},"end":{"line":14,"column":null}},"3":{"start":{"line":18,"column":16},"end":{"line":18,"column":null}},"4":{"start":{"line":19,"column":4},"end":{"line":19,"column":null}},"5":{"start":{"line":23,"column":16},"end":{"line":26,"column":null}},"6":{"start":{"line":27,"column":4},"end":{"line":27,"column":null}},"7":{"start":{"line":31,"column":16},"end":{"line":34,"column":null}},"8":{"start":{"line":35,"column":4},"end":{"line":35,"column":null}}},"fnMap":{"0":{"name":"login","decl":{"start":{"line":9,"column":10},"end":{"line":9,"column":16}},"loc":{"start":{"line":9,"column":30},"end":{"line":15,"column":null}},"line":9},"1":{"name":"forgotPassword","decl":{"start":{"line":17,"column":10},"end":{"line":17,"column":25}},"loc":{"start":{"line":17,"column":32},"end":{"line":20,"column":null}},"line":17},"2":{"name":"resetPassword","decl":{"start":{"line":22,"column":6},"end":{"line":22,"column":20}},"loc":{"start":{"line":22,"column":40},"end":{"line":28,"column":null}},"line":22},"3":{"name":"changePassword","decl":{"start":{"line":30,"column":6},"end":{"line":30,"column":21}},"loc":{"start":{"line":30,"column":51},"end":{"line":36,"column":null}},"line":30}},"branchMap":{},"s":{"0":1,"1":2,"2":1,"3":0,"4":0,"5":0,"6":0,"7":0,"8":0},"f":{"0":2,"1":0,"2":0,"3":0},"b":{},"meta":{"lastBranch":0,"lastFunction":4,"lastStatement":9,"seen":{"s:5:16:39:Infinity":0,"f:9:10:9:16":0,"s:10:25:13:Infinity":1,"s:14:8:14:Infinity":2,"f:17:10:17:25":1,"s:18:16:18:Infinity":3,"s:19:4:19:Infinity":4,"f:22:6:22:20":2,"s:23:16:26:Infinity":5,"s:27:4:27:Infinity":6,"f:30:6:30:21":3,"s:31:16:34:Infinity":7,"s:35:4:35:Infinity":8},"fnNames":{}}}
,"D:\\Projects\\hostel-management-system\\frontend\\src\\api\\axiosInstance.js": {"path":"D:\\Projects\\hostel-management-system\\frontend\\src\\api\\axiosInstance.js","statementMap":{"0":{"start":{"line":11,"column":22},"end":{"line":17,"column":null}},"1":{"start":{"line":23,"column":0},"end":{"line":39,"column":null}},"2":{"start":{"line":25,"column":22},"end":{"line":25,"column":null}},"3":{"start":{"line":29,"column":8},"end":{"line":31,"column":null}},"4":{"start":{"line":30,"column":12},"end":{"line":30,"column":null}},"5":{"start":{"line":33,"column":8},"end":{"line":33,"column":null}},"6":{"start":{"line":37,"column":8},"end":{"line":37,"column":null}},"7":{"start":{"line":47,"column":0},"end":{"line":64,"column":null}},"8":{"start":{"line":49,"column":8},"end":{"line":49,"column":null}},"9":{"start":{"line":52,"column":23},"end":{"line":52,"column":null}},"10":{"start":{"line":55,"column":31},"end":{"line":55,"column":null}},"11":{"start":{"line":57,"column":8},"end":{"line":60,"column":null}},"12":{"start":{"line":58,"column":12},"end":{"line":58,"column":null}},"13":{"start":{"line":59,"column":12},"end":{"line":59,"column":null}},"14":{"start":{"line":62,"column":8},"end":{"line":62,"column":null}}},"fnMap":{"0":{"name":"(anonymous_0)","decl":{"start":{"line":23,"column":35},"end":{"line":23,"column":null}},"loc":{"start":{"line":24,"column":16},"end":{"line":34,"column":null}},"line":24},"1":{"name":"(anonymous_1)","decl":{"start":{"line":34,"column":4},"end":{"line":34,"column":null}},"loc":{"start":{"line":35,"column":15},"end":{"line":38,"column":null}},"line":35},"2":{"name":"(anonymous_2)","decl":{"start":{"line":47,"column":36},"end":{"line":47,"column":null}},"loc":{"start":{"line":48,"column":18},"end":{"line":50,"column":null}},"line":48},"3":{"name":"(anonymous_3)","decl":{"start":{"line":50,"column":4},"end":{"line":50,"column":null}},"loc":{"start":{"line":51,"column":15},"end":{"line":63,"column":null}},"line":51}},"branchMap":{"0":{"loc":{"start":{"line":29,"column":8},"end":{"line":31,"column":null}},"type":"if","locations":[{"start":{"line":29,"column":8},"end":{"line":31,"column":null}},{"start":{},"end":{}}],"line":29},"1":{"loc":{"start":{"line":57,"column":8},"end":{"line":60,"column":null}},"type":"if","locations":[{"start":{"line":57,"column":8},"end":{"line":60,"column":null}},{"start":{},"end":{}}],"line":57},"2":{"loc":{"start":{"line":57,"column":12},"end":{"line":57,"column":47}},"type":"binary-expr","locations":[{"start":{"line":57,"column":12},"end":{"line":57,"column":30}},{"start":{"line":57,"column":30},"end":{"line":57,"column":47}}],"line":57}},"s":{"0":6,"1":6,"2":23,"3":23,"4":21,"5":23,"6":0,"7":6,"8":21,"9":2,"10":2,"11":2,"12":0,"13":0,"14":2},"f":{"0":23,"1":0,"2":21,"3":2},"b":{"0":[21,2],"1":[0,2],"2":[2,1]},"meta":{"lastBranch":3,"lastFunction":4,"lastStatement":15,"seen":{"s:11:22:17:Infinity":0,"s:23:0:39:Infinity":1,"f:23:35:23:Infinity":0,"s:25:22:25:Infinity":2,"b:29:8:31:Infinity:undefined:undefined:undefined:undefined":0,"s:29:8:31:Infinity":3,"s:30:12:30:Infinity":4,"s:33:8:33:Infinity":5,"f:34:4:34:Infinity":1,"s:37:8:37:Infinity":6,"s:47:0:64:Infinity":7,"f:47:36:47:Infinity":2,"s:49:8:49:Infinity":8,"f:50:4:50:Infinity":3,"s:52:23:52:Infinity":9,"s:55:31:55:Infinity":10,"b:57:8:60:Infinity:undefined:undefined:undefined:undefined":1,"s:57:8:60:Infinity":11,"b:57:12:57:30:57:30:57:47":2,"s:58:12:58:Infinity":12,"s:59:12:59:Infinity":13,"s:62:8:62:Infinity":14},"fnNames":{}}}
,"D:\\Projects\\hostel-management-system\\frontend\\src\\api\\gatepassApi.js": {"path":"D:\\Projects\\hostel-management-system\\frontend\\src\\api\\gatepassApi.js","statementMap":{"0":{"start":{"line":5,"column":20},"end":{"line":24,"column":null}},"1":{"start":{"line":9,"column":20},"end":{"line":12,"column":null}},"2":{"start":{"line":15,"column":20},"end":{"line":15,"column":null}},"3":{"start":{"line":16,"column":21},"end":{"line":16,"column":null}},"4":{"start":{"line":17,"column":8},"end":{"line":17,"column":null}},"5":{"start":{"line":18,"column":8},"end":{"line":18,"column":null}},"6":{"start":{"line":19,"column":8},"end":{"line":19,"column":null}},"7":{"start":{"line":20,"column":8},"end":{"line":20,"column":null}},"8":{"start":{"line":21,"column":8},"end":{"line":21,"column":null}},"9":{"start":{"line":22,"column":8},"end":{"line":22,"column":null}}},"fnMap":{"0":{"name":"downloadPDF","decl":{"start":{"line":8,"column":10},"end":{"line":8,"column":22}},"loc":{"start":{"line":8,"column":42},"end":{"line":23,"column":null}},"line":8}},"branchMap":{"0":{"loc":{"start":{"line":18,"column":50},"end":{"line":18,"column":71}},"type":"binary-expr","locations":[{"start":{"line":18,"column":50},"end":{"line":18,"column":64}},{"start":{"line":18,"column":64},"end":{"line":18,"column":71}}],"line":18}},"s":{"0":1,"1":0,"2":0,"3":0,"4":0,"5":0,"6":0,"7":0,"8":0,"9":0},"f":{"0":0},"b":{"0":[0,0]},"meta":{"lastBranch":1,"lastFunction":1,"lastStatement":10,"seen":{"s:5:20:24:Infinity":0,"f:8:10:8:22":0,"s:9:20:12:Infinity":1,"s:15:20:15:Infinity":2,"s:16:21:16:Infinity":3,"s:17:8:17:Infinity":4,"s:18:8:18:Infinity":5,"b:18:50:18:64:18:64:18:71":0,"s:19:8:19:Infinity":6,"s:20:8:20:Infinity":7,"s:21:8:21:Infinity":8,"s:22:8:22:Infinity":9},"fnNames":{}}}
,"D:\\Projects\\hostel-management-system\\frontend\\src\\api\\studentApi.js": {"path":"D:\\Projects\\hostel-management-system\\frontend\\src\\api\\studentApi.js","statementMap":{"0":{"start":{"line":5,"column":19},"end":{"line":41,"column":null}},"1":{"start":{"line":8,"column":20},"end":{"line":8,"column":null}},"2":{"start":{"line":9,"column":8},"end":{"line":9,"column":null}},"3":{"start":{"line":15,"column":20},"end":{"line":15,"column":null}},"4":{"start":{"line":16,"column":8},"end":{"line":16,"column":null}},"5":{"start":{"line":21,"column":20},"end":{"line":21,"column":null}},"6":{"start":{"line":22,"column":8},"end":{"line":22,"column":null}},"7":{"start":{"line":27,"column":20},"end":{"line":27,"column":null}},"8":{"start":{"line":28,"column":8},"end":{"line":28,"column":null}},"9":{"start":{"line":33,"column":20},"end":{"line":33,"column":null}},"10":{"start":{"line":34,"column":8},"end":{"line":34,"column":null}},"11":{"start":{"line":38,"column":16},"end":{"line":38,"column":null}},"12":{"start":{"line":39,"column":4},"end":{"line":39,"column":null}}},"fnMap":{"0":{"name":"getProfile","decl":{"start":{"line":7,"column":10},"end":{"line":7,"column":23}},"loc":{"start":{"line":7,"column":23},"end":{"line":10,"column":null}},"line":7},"1":{"name":"updateProfile","decl":{"start":{"line":14,"column":10},"end":{"line":14,"column":24}},"loc":{"start":{"line":14,"column":30},"end":{"line":17,"column":null}},"line":14},"2":{"name":"getGatePasses","decl":{"start":{"line":20,"column":10},"end":{"line":20,"column":26}},"loc":{"start":{"line":20,"column":26},"end":{"line":23,"column":null}},"line":20},"3":{"name":"createGatePass","decl":{"start":{"line":26,"column":10},"end":{"line":26,"column":25}},"loc":{"start":{"line":26,"column":31},"end":{"line":29,"column":null}},"line":26},"4":{"name":"getGatePass","decl":{"start":{"line":32,"column":10},"end":{"line":32,"column":22}},"loc":{"start":{"line":32,"column":30},"end":{"line":35,"column":null}},"line":32},"5":{"name":"getStats","decl":{"start":{"line":37,"column":10},"end":{"line":37,"column":21}},"loc":{"start":{"line":37,"column":21},"end":{"line":40,"column":null}},"line":37}},"branchMap":{},"s":{"0":1,"1":0,"2":0,"3":0,"4":0,"5":2,"6":2,"7":0,"8":0,"9":0,"10":0,"11":0,"12":0},"f":{"0":0,"1":0,"2":2,"3":0,"4":0,"5":0},"b":{},"meta":{"lastBranch":0,"lastFunction":6,"lastStatement":13,"seen":{"s:5:19:41:Infinity":0,"f:7:10:7:23":0,"s:8:20:8:Infinity":1,"s:9:8:9:Infinity":2,"f:14:10:14:24":1,"s:15:20:15:Infinity":3,"s:16:8:16:Infinity":4,"f:20:10:20:26":2,"s:21:20:21:Infinity":5,"s:22:8:22:Infinity":6,"f:26:10:26:25":3,"s:27:20:27:Infinity":7,"s:28:8:28:Infinity":8,"f:32:10:32:22":4,"s:33:20:33:Infinity":9,"s:34:8:34:Infinity":10,"f:37:10:37:21":5,"s:38:16:38:Infinity":11,"s:39:4:39:Infinity":12},"fnNames":{}}}
,"D:\\Projects\\hostel-management-system\\frontend\\src\\api\\wardenApi.js": {"path":"D:\\Projects\\hostel-management-system\\frontend\\src\\api\\wardenApi.js","statementMap":{"0":{"start":{"line":5,"column":18},"end":{"line":59,"column":null}},"1":{"start":{"line":9,"column":23},"end":{"line":9,"column":null}},"2":{"start":{"line":10,"column":8},"end":{"line":10,"column":null}},"3":{"start":{"line":10,"column":28},"end":{"line":10,"column":null}},"4":{"start":{"line":11,"column":8},"end":{"line":11,"column":null}},"5":{"start":{"line":11,"column":28},"end":{"line":11,"column":null}},"6":{"start":{"line":12,"column":8},"end":{"line":12,"column":null}},"7":{"start":{"line":12,"column":28},"end":{"line":12,"column":null}},"8":{"start":{"line":14,"column":20},"end":{"line":14,"column":null}},"9":{"start":{"line":15,"column":8},"end":{"line":15,"column":null}},"10":{"start":{"line":20,"column":20},"end":{"line":20,"column":null}},"11":{"start":{"line":21,"column":8},"end":{"line":21,"column":null}},"12":{"start":{"line":27,"column":20},"end":{"line":27,"column":null}},"13":{"start":{"line":28,"column":8},"end":{"line":28,"column":null}},"14":{"start":{"line":33,"column":20},"end":{"line":33,"column":null}},"15":{"start":{"line":34,"column":8},"end":{"line":34,"column":null}},"16":{"start":{"line":39,"column":20},"end":{"line":42,"column":null}},"17":{"start":{"line":43,"column":8},"end":{"line":43,"column":null}},"18":{"start":{"line":48,"column":20},"end":{"line":51,"column":null}},"19":{"start":{"line":52,"column":8},"end":{"line":52,"column":null}},"20":{"start":{"line":56,"column":16},"end":{"line":56,"column":null}},"21":{"start":{"line":57,"column":4},"end":{"line":57,"column":null}}},"fnMap":{"0":{"name":"getStudents","decl":{"start":{"line":8,"column":10},"end":{"line":8,"column":22}},"loc":{"start":{"line":8,"column":36},"end":{"line":16,"column":null}},"line":8},"1":{"name":"getStudent","decl":{"start":{"line":19,"column":10},"end":{"line":19,"column":21}},"loc":{"start":{"line":19,"column":32},"end":{"line":22,"column":null}},"line":19},"2":{"name":"getPending","decl":{"start":{"line":26,"column":10},"end":{"line":26,"column":23}},"loc":{"start":{"line":26,"column":23},"end":{"line":29,"column":null}},"line":26},"3":{"name":"getAllGatePasses","decl":{"start":{"line":32,"column":10},"end":{"line":32,"column":29}},"loc":{"start":{"line":32,"column":29},"end":{"line":35,"column":null}},"line":32},"4":{"name":"approve","decl":{"start":{"line":38,"column":10},"end":{"line":38,"column":18}},"loc":{"start":{"line":38,"column":35},"end":{"line":44,"column":null}},"line":38},"5":{"name":"reject","decl":{"start":{"line":47,"column":10},"end":{"line":47,"column":17}},"loc":{"start":{"line":47,"column":34},"end":{"line":53,"column":null}},"line":47},"6":{"name":"getStats","decl":{"start":{"line":55,"column":10},"end":{"line":55,"column":21}},"loc":{"start":{"line":55,"column":21},"end":{"line":58,"column":null}},"line":55}},"branchMap":{"0":{"loc":{"start":{"line":8,"column":22},"end":{"line":8,"column":36}},"type":"default-arg","locations":[{"start":{"line":8,"column":32},"end":{"line":8,"column":36}}],"line":8},"1":{"loc":{"start":{"line":10,"column":8},"end":{"line":10,"column":null}},"type":"if","locations":[{"start":{"line":10,"column":8},"end":{"line":10,"column":null}},{"start":{},"end":{}}],"line":10},"2":{"loc":{"start":{"line":11,"column":8},"end":{"line":11,"column":null}},"type":"if","locations":[{"start":{"line":11,"column":8},"end":{"line":11,"column":null}},{"start":{},"end":{}}],"line":11},"3":{"loc":{"start":{"line":12,"column":8},"end":{"line":12,"column":null}},"type":"if","locations":[{"start":{"line":12,"column":8},"end":{"line":12,"column":null}},{"start":{},"end":{}}],"line":12},"4":{"loc":{"start":{"line":41,"column":43},"end":{"line":41,"column":59}},"type":"binary-expr","locations":[{"start":{"line":41,"column":43},"end":{"line":41,"column":54}},{"start":{"line":41,"column":54},"end":{"line":41,"column":59}}],"line":41},"5":{"loc":{"start":{"line":50,"column":43},"end":{"line":50,"column":59}},"type":"binary-expr","locations":[{"start":{"line":50,"column":43},"end":{"line":50,"column":54}},{"start":{"line":50,"column":54},"end":{"line":50,"column":59}}],"line":50}},"s":{"0":1,"1":0,"2":0,"3":0,"4":0,"5":0,"6":0,"7":0,"8":0,"9":0,"10":0,"11":0,"12":3,"13":3,"14":0,"15":0,"16":1,"17":1,"18":0,"19":0,"20":0,"21":0},"f":{"0":0,"1":0,"2":3,"3":0,"4":1,"5":0,"6":0},"b":{"0":[0],"1":[0,0],"2":[0,0],"3":[0,0],"4":[1,0],"5":[0,0]},"meta":{"lastBranch":6,"lastFunction":7,"lastStatement":22,"seen":{"s:5:18:59:Infinity":0,"f:8:10:8:22":0,"b:8:32:8:36":0,"s:9:23:9:Infinity":1,"b:10:8:10:Infinity:undefined:undefined:undefined:undefined":1,"s:10:8:10:Infinity":2,"s:10:28:10:Infinity":3,"b:11:8:11:Infinity:undefined:undefined:undefined:undefined":2,"s:11:8:11:Infinity":4,"s:11:28:11:Infinity":5,"b:12:8:12:Infinity:undefined:undefined:undefined:undefined":3,"s:12:8:12:Infinity":6,"s:12:28:12:Infinity":7,"s:14:20:14:Infinity":8,"s:15:8:15:Infinity":9,"f:19:10:19:21":1,"s:20:20:20:Infinity":10,"s:21:8:21:Infinity":11,"f:26:10:26:23":2,"s:27:20:27:Infinity":12,"s:28:8:28:Infinity":13,"f:32:10:32:29":3,"s:33:20:33:Infinity":14,"s:34:8:34:Infinity":15,"f:38:10:38:18":4,"s:39:20:42:Infinity":16,"b:41:43:41:54:41:54:41:59":4,"s:43:8:43:Infinity":17,"f:47:10:47:17":5,"s:48:20:51:Infinity":18,"b:50:43:50:54:50:54:50:59":5,"s:52:8:52:Infinity":19,"f:55:10:55:21":6,"s:56:16:56:Infinity":20,"s:57:4:57:Infinity":21},"fnNames":{}}}
,"D:\\Projects\\hostel-management-system\\frontend\\src\\components\\Badge.jsx": {"path":"D:\\Projects\\hostel-management-system\\frontend\\src\\components\\Badge.jsx","statementMap":{"0":{"start":{"line":4,"column":21},"end":{"line":10,"column":null}},"1":{"start":{"line":13,"column":18},"end":{"line":13,"column":null}},"2":{"start":{"line":15,"column":4},"end":{"line":19,"column":null}}},"fnMap":{"0":{"name":"Badge","decl":{"start":{"line":12,"column":9},"end":{"line":12,"column":15}},"loc":{"start":{"line":12,"column":27},"end":{"line":21,"column":null}},"line":12}},"branchMap":{"0":{"loc":{"start":{"line":13,"column":18},"end":{"line":13,"column":null}},"type":"binary-expr","locations":[{"start":{"line":13,"column":18},"end":{"line":13,"column":42}},{"start":{"line":13,"column":42},"end":{"line":13,"column":null}}],"line":13}},"s":{"0":2,"1":52,"2":52},"f":{"0":52},"b":{"0":[52,1]},"meta":{"lastBranch":1,"lastFunction":1,"lastStatement":3,"seen":{"s:4:21:10:Infinity":0,"f:12:9:12:15":0,"s:13:18:13:Infinity":1,"b:13:18:13:42:13:42:13:Infinity":0,"s:15:4:19:Infinity":2},"fnNames":{}}}
,"D:\\Projects\\hostel-management-system\\frontend\\src\\components\\ConfirmModal.jsx": {"path":"D:\\Projects\\hostel-management-system\\frontend\\src\\components\\ConfirmModal.jsx","statementMap":{"0":{"start":{"line":21,"column":20},"end":{"line":21,"column":null}},"1":{"start":{"line":22,"column":20},"end":{"line":22,"column":null}},"2":{"start":{"line":24,"column":4},"end":{"line":24,"column":null}},"3":{"start":{"line":24,"column":17},"end":{"line":24,"column":null}},"4":{"start":{"line":26,"column":25},"end":{"line":28,"column":null}},"5":{"start":{"line":31,"column":8},"end":{"line":31,"column":null}},"6":{"start":{"line":32,"column":8},"end":{"line":37,"column":null}},"7":{"start":{"line":33,"column":12},"end":{"line":33,"column":null}},"8":{"start":{"line":34,"column":12},"end":{"line":34,"column":null}},"9":{"start":{"line":36,"column":12},"end":{"line":36,"column":null}},"10":{"start":{"line":41,"column":8},"end":{"line":41,"column":null}},"11":{"start":{"line":42,"column":8},"end":{"line":42,"column":null}},"12":{"start":{"line":45,"column":4},"end":{"line":90,"column":null}},"13":{"start":{"line":61,"column":41},"end":{"line":61,"column":null}}},"fnMap":{"0":{"name":"ConfirmModal","decl":{"start":{"line":12,"column":9},"end":{"line":12,"column":22}},"loc":{"start":{"line":20,"column":3},"end":{"line":92,"column":null}},"line":20},"1":{"name":"handleConfirm","decl":{"start":{"line":30,"column":19},"end":{"line":30,"column":35}},"loc":{"start":{"line":30,"column":35},"end":{"line":38,"column":null}},"line":30},"2":{"name":"handleClose","decl":{"start":{"line":40,"column":13},"end":{"line":40,"column":27}},"loc":{"start":{"line":40,"column":27},"end":{"line":43,"column":null}},"line":40},"3":{"name":"(anonymous_3)","decl":{"start":{"line":61,"column":24},"end":{"line":61,"column":35}},"loc":{"start":{"line":61,"column":41},"end":{"line":61,"column":null}},"line":61}},"branchMap":{"0":{"loc":{"start":{"line":15,"column":4},"end":{"line":15,"column":null}},"type":"default-arg","locations":[{"start":{"line":15,"column":19},"end":{"line":15,"column":null}}],"line":15},"1":{"loc":{"start":{"line":16,"column":4},"end":{"line":16,"column":null}},"type":"default-arg","locations":[{"start":{"line":16,"column":19},"end":{"line":16,"column":null}}],"line":16},"2":{"loc":{"start":{"line":17,"column":4},"end":{"line":17,"column":null}},"type":"default-arg","locations":[{"start":{"line":17,"column":19},"end":{"line":17,"column":null}}],"line":17},"3":{"loc":{"start":{"line":24,"column":4},"end":{"line":24,"column":null}},"type":"if","locations":[{"start":{"line":24,"column":4},"end":{"line":24,"column":null}},{"start":{},"end":{}}],"line":24},"4":{"loc":{"start":{"line":26,"column":25},"end":{"line":28,"column":null}},"type":"cond-expr","locations":[{"start":{"line":27,"column":10},"end":{"line":27,"column":null}},{"start":{"line":28,"column":10},"end":{"line":28,"column":null}}],"line":26},"5":{"loc":{"start":{"line":86,"column":25},"end":{"line":86,"column":null}},"type":"cond-expr","locations":[{"start":{"line":86,"column":35},"end":{"line":86,"column":53}},{"start":{"line":86,"column":53},"end":{"line":86,"column":null}}],"line":86}},"s":{"0":32,"1":32,"2":32,"3":3,"4":29,"5":1,"6":1,"7":1,"8":1,"9":1,"10":0,"11":0,"12":32,"13":27},"f":{"0":32,"1":1,"2":0,"3":27},"b":{"0":[32],"1":[32],"2":[32],"3":[3,29],"4":[0,29],"5":[1,28]},"meta":{"lastBranch":6,"lastFunction":4,"lastStatement":14,"seen":{"f:12:9:12:22":0,"b:15:19:15:Infinity":0,"b:16:19:16:Infinity":1,"b:17:19:17:Infinity":2,"s:21:20:21:Infinity":0,"s:22:20:22:Infinity":1,"b:24:4:24:Infinity:undefined:undefined:undefined:undefined":3,"s:24:4:24:Infinity":2,"s:24:17:24:Infinity":3,"s:26:25:28:Infinity":4,"b:27:10:27:Infinity:28:10:28:Infinity":4,"f:30:19:30:35":1,"s:31:8:31:Infinity":5,"s:32:8:37:Infinity":6,"s:33:12:33:Infinity":7,"s:34:12:34:Infinity":8,"s:36:12:36:Infinity":9,"f:40:13:40:27":2,"s:41:8:41:Infinity":10,"s:42:8:42:Infinity":11,"s:45:4:90:Infinity":12,"f:61:24:61:35":3,"s:61:41:61:Infinity":13,"b:86:35:86:53:86:53:86:Infinity":5},"fnNames":{}}}
,"D:\\Projects\\hostel-management-system\\frontend\\src\\components\\LoadingSpinner.jsx": {"path":"D:\\Projects\\hostel-management-system\\frontend\\src\\components\\LoadingSpinner.jsx","statementMap":{"0":{"start":{"line":4,"column":4},"end":{"line":9,"column":null}}},"fnMap":{"0":{"name":"LoadingSpinner","decl":{"start":{"line":3,"column":9},"end":{"line":3,"column":24}},"loc":{"start":{"line":3,"column":49},"end":{"line":11,"column":null}},"line":3}},"branchMap":{"0":{"loc":{"start":{"line":3,"column":26},"end":{"line":3,"column":49}},"type":"default-arg","locations":[{"start":{"line":3,"column":33},"end":{"line":3,"column":49}}],"line":3}},"s":{"0":5},"f":{"0":5},"b":{"0":[5]},"meta":{"lastBranch":1,"lastFunction":1,"lastStatement":1,"seen":{"f:3:9:3:24":0,"b:3:33:3:49":0,"s:4:4:9:Infinity":0},"fnNames":{}}}
,"D:\\Projects\\hostel-management-system\\frontend\\src\\context\\AuthContext.jsx": {"path":"D:\\Projects\\hostel-management-system\\frontend\\src\\context\\AuthContext.jsx","statementMap":{"0":{"start":{"line":9,"column":13},"end":{"line":9,"column":null}},"1":{"start":{"line":18,"column":20},"end":{"line":18,"column":null}},"2":{"start":{"line":19,"column":20},"end":{"line":19,"column":null}},"3":{"start":{"line":25,"column":10},"end":{"line":33,"column":null}},"4":{"start":{"line":26,"column":4},"end":{"line":32,"column":null}},"5":{"start":{"line":27,"column":20},"end":{"line":27,"column":null}},"6":{"start":{"line":28,"column":8},"end":{"line":28,"column":null}},"7":{"start":{"line":30,"column":8},"end":{"line":30,"column":null}},"8":{"start":{"line":31,"column":8},"end":{"line":31,"column":null}},"9":{"start":{"line":39,"column":4},"end":{"line":50,"column":null}},"10":{"start":{"line":40,"column":31},"end":{"line":47,"column":null}},"11":{"start":{"line":41,"column":12},"end":{"line":44,"column":null}},"12":{"start":{"line":42,"column":33},"end":{"line":42,"column":null}},"13":{"start":{"line":43,"column":16},"end":{"line":43,"column":null}},"14":{"start":{"line":46,"column":12},"end":{"line":46,"column":null}},"15":{"start":{"line":49,"column":8},"end":{"line":49,"column":null}},"16":{"start":{"line":56,"column":18},"end":{"line":69,"column":null}},"17":{"start":{"line":58,"column":8},"end":{"line":62,"column":null}},"18":{"start":{"line":65,"column":25},"end":{"line":65,"column":null}},"19":{"start":{"line":66,"column":8},"end":{"line":66,"column":null}},"20":{"start":{"line":68,"column":8},"end":{"line":68,"column":null}},"21":{"start":{"line":73,"column":10},"end":{"line":76,"column":null}},"22":{"start":{"line":74,"column":8},"end":{"line":74,"column":null}},"23":{"start":{"line":75,"column":8},"end":{"line":75,"column":null}},"24":{"start":{"line":81,"column":18},"end":{"line":88,"column":null}},"25":{"start":{"line":90,"column":4},"end":{"line":93,"column":null}}},"fnMap":{"0":{"name":"AuthProvider","decl":{"start":{"line":13,"column":16},"end":{"line":13,"column":29}},"loc":{"start":{"line":13,"column":43},"end":{"line":95,"column":null}},"line":13},"1":{"name":"(anonymous_1)","decl":{"start":{"line":25,"column":41},"end":{"line":25,"column":53}},"loc":{"start":{"line":25,"column":53},"end":{"line":33,"column":3}},"line":25},"2":{"name":"(anonymous_2)","decl":{"start":{"line":39,"column":4},"end":{"line":39,"column":20}},"loc":{"start":{"line":39,"column":20},"end":{"line":50,"column":7}},"line":39},"3":{"name":"(anonymous_3)","decl":{"start":{"line":40,"column":31},"end":{"line":40,"column":43}},"loc":{"start":{"line":40,"column":43},"end":{"line":47,"column":null}},"line":40},"4":{"name":"(anonymous_4)","decl":{"start":{"line":56,"column":18},"end":{"line":56,"column":25}},"loc":{"start":{"line":56,"column":43},"end":{"line":69,"column":null}},"line":56},"5":{"name":"(anonymous_5)","decl":{"start":{"line":73,"column":10},"end":{"line":73,"column":25}},"loc":{"start":{"line":73,"column":25},"end":{"line":76,"column":null}},"line":73}},"branchMap":{"0":{"loc":{"start":{"line":41,"column":12},"end":{"line":44,"column":null}},"type":"if","locations":[{"start":{"line":41,"column":12},"end":{"line":44,"column":null}},{"start":{},"end":{}}],"line":41}},"s":{"0":6,"1":39,"2":39,"3":39,"4":13,"5":13,"6":13,"7":0,"8":0,"9":39,"10":19,"11":19,"12":12,"13":12,"14":19,"15":19,"16":39,"17":1,"18":1,"19":1,"20":1,"21":39,"22":1,"23":1,"24":39,"25":39},"f":{"0":39,"1":13,"2":19,"3":19,"4":1,"5":1},"b":{"0":[12,7]},"meta":{"lastBranch":1,"lastFunction":6,"lastStatement":26,"seen":{"s:9:13:9:Infinity":0,"f:13:16:13:29":0,"s:18:20:18:Infinity":1,"s:19:20:19:Infinity":2,"s:25:10:33:Infinity":3,"f:25:41:25:53":1,"s:26:4:32:Infinity":4,"s:27:20:27:Infinity":5,"s:28:8:28:Infinity":6,"s:30:8:30:Infinity":7,"s:31:8:31:Infinity":8,"s:39:4:50:Infinity":9,"f:39:4:39:20":2,"s:40:31:47:Infinity":10,"f:40:31:40:43":3,"b:41:12:44:Infinity:undefined:undefined:undefined:undefined":0,"s:41:12:44:Infinity":11,"s:42:33:42:Infinity":12,"s:43:16:43:Infinity":13,"s:46:12:46:Infinity":14,"s:49:8:49:Infinity":15,"s:56:18:69:Infinity":16,"f:56:18:56:25":4,"s:58:8:62:Infinity":17,"s:65:25:65:Infinity":18,"s:66:8:66:Infinity":19,"s:68:8:68:Infinity":20,"s:73:10:76:Infinity":21,"f:73:10:73:25":5,"s:74:8:74:Infinity":22,"s:75:8:75:Infinity":23,"s:81:18:88:Infinity":24,"s:90:4:93:Infinity":25},"fnNames":{}}}
,"D:\\Projects\\hostel-management-system\\frontend\\src\\hooks\\useAuth.js": {"path":"D:\\Projects\\hostel-management-system\\frontend\\src\\hooks\\useAuth.js","statementMap":{"0":{"start":{"line":10,"column":10},"end":{"line":10,"column":null}},"1":{"start":{"line":12,"column":4},"end":{"line":17,"column":null}},"2":{"start":{"line":13,"column":8},"end":{"line":16,"column":null}},"3":{"start":{"line":19,"column":4},"end":{"line":19,"column":null}}},"fnMap":{"0":{"name":"useAuth","decl":{"start":{"line":9,"column":9},"end":{"line":9,"column":19}},"loc":{"start":{"line":9,"column":19},"end":{"line":20,"column":null}},"line":9}},"branchMap":{"0":{"loc":{"start":{"line":12,"column":4},"end":{"line":17,"column":null}},"type":"if","locations":[{"start":{"line":12,"column":4},"end":{"line":17,"column":null}},{"start":{},"end":{}}],"line":12}},"s":{"0":70,"1":70,"2":0,"3":70},"f":{"0":70},"b":{"0":[0,70]},"meta":{"lastBranch":1,"lastFunction":1,"lastStatement":4,"seen":{"f:9:9:9:19":0,"s:10:10:10:Infinity":0,"b:12:4:17:Infinity:undefined:undefined:undefined:undefined":0,"s:12:4:17:Infinity":1,"s:13:8:16:Infinity":2,"s:19:4:19:Infinity":3},"fnNames":{}}}
,"D:\\Projects\\hostel-management-system\\frontend\\src\\hooks\\usePageTitle.js": {"path":"D:\\Projects\\hostel-management-system\\frontend\\src\\hooks\\usePageTitle.js","statementMap":{"0":{"start":{"line":6,"column":4},"end":{"line":8,"column":null}},"1":{"start":{"line":7,"column":8},"end":{"line":7,"column":null}}},"fnMap":{"0":{"name":"usePageTitle","decl":{"start":{"line":5,"column":9},"end":{"line":5,"column":22}},"loc":{"start":{"line":5,"column":29},"end":{"line":9,"column":null}},"line":5},"1":{"name":"(anonymous_1)","decl":{"start":{"line":6,"column":4},"end":{"line":6,"column":20}},"loc":{"start":{"line":6,"column":20},"end":{"line":8,"column":7}},"line":6}},"branchMap":{"0":{"loc":{"start":{"line":7,"column":25},"end":{"line":7,"column":null}},"type":"cond-expr","locations":[{"start":{"line":7,"column":33},"end":{"line":7,"column":58}},{"start":{"line":7,"column":58},"end":{"line":7,"column":null}}],"line":7}},"s":{"0":152,"1":13},"f":{"0":152,"1":13},"b":{"0":[13,0]},"meta":{"lastBranch":1,"lastFunction":2,"lastStatement":2,"seen":{"f:5:9:5:22":0,"s:6:4:8:Infinity":0,"f:6:4:6:20":1,"s:7:8:7:Infinity":1,"b:7:33:7:58:7:58:7:Infinity":0},"fnNames":{}}}
,"D:\\Projects\\hostel-management-system\\frontend\\src\\pages\\Login.jsx": {"path":"D:\\Projects\\hostel-management-system\\frontend\\src\\pages\\Login.jsx","statementMap":{"0":{"start":{"line":13,"column":23},"end":{"line":18,"column":null}},"1":{"start":{"line":21,"column":10},"end":{"line":21,"column":null}},"2":{"start":{"line":22,"column":10},"end":{"line":22,"column":null}},"3":{"start":{"line":23,"column":12},"end":{"line":23,"column":null}},"4":{"start":{"line":25,"column":21},"end":{"line":25,"column":null}},"5":{"start":{"line":26,"column":21},"end":{"line":26,"column":null}},"6":{"start":{"line":27,"column":21},"end":{"line":27,"column":null}},"7":{"start":{"line":28,"column":21},"end":{"line":28,"column":null}},"8":{"start":{"line":29,"column":25},"end":{"line":29,"column":null}},"9":{"start":{"line":30,"column":21},"end":{"line":30,"column":null}},"10":{"start":{"line":32,"column":4},"end":{"line":32,"column":null}},"11":{"start":{"line":33,"column":25},"end":{"line":86,"column":null}},"12":{"start":{"line":34,"column":8},"end":{"line":34,"column":null}},"13":{"start":{"line":35,"column":8},"end":{"line":35,"column":null}},"14":{"start":{"line":37,"column":8},"end":{"line":40,"column":null}},"15":{"start":{"line":38,"column":12},"end":{"line":38,"column":null}},"16":{"start":{"line":39,"column":12},"end":{"line":39,"column":null}},"17":{"start":{"line":42,"column":8},"end":{"line":42,"column":null}},"18":{"start":{"line":44,"column":8},"end":{"line":85,"column":null}},"19":{"start":{"line":45,"column":25},"end":{"line":45,"column":null}},"20":{"start":{"line":47,"column":12},"end":{"line":52,"column":null}},"21":{"start":{"line":48,"column":16},"end":{"line":51,"column":null}},"22":{"start":{"line":54,"column":29},"end":{"line":54,"column":null}},"23":{"start":{"line":55,"column":12},"end":{"line":55,"column":null}},"24":{"start":{"line":57,"column":31},"end":{"line":57,"column":null}},"25":{"start":{"line":58,"column":27},"end":{"line":60,"column":null}},"26":{"start":{"line":62,"column":12},"end":{"line":62,"column":null}},"27":{"start":{"line":66,"column":26},"end":{"line":66,"column":null}},"28":{"start":{"line":68,"column":12},"end":{"line":79,"column":null}},"29":{"start":{"line":69,"column":31},"end":{"line":69,"column":null}},"30":{"start":{"line":70,"column":16},"end":{"line":76,"column":null}},"31":{"start":{"line":71,"column":20},"end":{"line":71,"column":null}},"32":{"start":{"line":72,"column":23},"end":{"line":76,"column":null}},"33":{"start":{"line":73,"column":20},"end":{"line":73,"column":null}},"34":{"start":{"line":74,"column":23},"end":{"line":76,"column":null}},"35":{"start":{"line":75,"column":20},"end":{"line":75,"column":null}},"36":{"start":{"line":77,"column":19},"end":{"line":79,"column":null}},"37":{"start":{"line":78,"column":16},"end":{"line":78,"column":null}},"38":{"start":{"line":81,"column":12},"end":{"line":81,"column":null}},"39":{"start":{"line":82,"column":12},"end":{"line":82,"column":null}},"40":{"start":{"line":84,"column":12},"end":{"line":84,"column":null}},"41":{"start":{"line":89,"column":4},"end":{"line":244,"column":null}},"42":{"start":{"line":130,"column":49},"end":{"line":130,"column":null}},"43":{"start":{"line":152,"column":49},"end":{"line":152,"column":null}},"44":{"start":{"line":172,"column":53},"end":{"line":172,"column":null}},"45":{"start":{"line":182,"column":51},"end":{"line":182,"column":null}},"46":{"start":{"line":182,"column":72},"end":{"line":182,"column":74}}},"fnMap":{"0":{"name":"Login","decl":{"start":{"line":20,"column":9},"end":{"line":20,"column":17}},"loc":{"start":{"line":20,"column":17},"end":{"line":246,"column":null}},"line":20},"1":{"name":"(anonymous_1)","decl":{"start":{"line":33,"column":25},"end":{"line":33,"column":32}},"loc":{"start":{"line":33,"column":38},"end":{"line":86,"column":null}},"line":33},"2":{"name":"(anonymous_2)","decl":{"start":{"line":130,"column":32},"end":{"line":130,"column":43}},"loc":{"start":{"line":130,"column":49},"end":{"line":130,"column":null}},"line":130},"3":{"name":"(anonymous_3)","decl":{"start":{"line":152,"column":32},"end":{"line":152,"column":43}},"loc":{"start":{"line":152,"column":49},"end":{"line":152,"column":null}},"line":152},"4":{"name":"(anonymous_4)","decl":{"start":{"line":172,"column":36},"end":{"line":172,"column":47}},"loc":{"start":{"line":172,"column":53},"end":{"line":172,"column":null}},"line":172},"5":{"name":"(anonymous_5)","decl":{"start":{"line":182,"column":36},"end":{"line":182,"column":51}},"loc":{"start":{"line":182,"column":51},"end":{"line":182,"column":null}},"line":182},"6":{"name":"(anonymous_6)","decl":{"start":{"line":182,"column":51},"end":{"line":182,"column":67}},"loc":{"start":{"line":182,"column":72},"end":{"line":182,"column":74}},"line":182}},"branchMap":{"0":{"loc":{"start":{"line":37,"column":8},"end":{"line":40,"column":null}},"type":"if","locations":[{"start":{"line":37,"column":8},"end":{"line":40,"column":null}},{"start":{},"end":{}}],"line":37},"1":{"loc":{"start":{"line":37,"column":12},"end":{"line":37,"column":37}},"type":"binary-expr","locations":[{"start":{"line":37,"column":12},"end":{"line":37,"column":26}},{"start":{"line":37,"column":26},"end":{"line":37,"column":37}}],"line":37},"2":{"loc":{"start":{"line":47,"column":12},"end":{"line":52,"column":null}},"type":"if","locations":[{"start":{"line":47,"column":12},"end":{"line":52,"column":null}},{"start":{},"end":{}}],"line":47},"3":{"loc":{"start":{"line":58,"column":27},"end":{"line":60,"column":null}},"type":"cond-expr","locations":[{"start":{"line":59,"column":18},"end":{"line":59,"column":null}},{"start":{"line":60,"column":18},"end":{"line":60,"column":null}}],"line":58},"4":{"loc":{"start":{"line":58,"column":27},"end":{"line":58,"column":null}},"type":"binary-expr","locations":[{"start":{"line":58,"column":27},"end":{"line":58,"column":41}},{"start":{"line":58,"column":41},"end":{"line":58,"column":null}}],"line":58},"5":{"loc":{"start":{"line":60,"column":18},"end":{"line":60,"column":null}},"type":"binary-expr","locations":[{"start":{"line":60,"column":18},"end":{"line":60,"column":46}},{"start":{"line":60,"column":46},"end":{"line":60,"column":null}}],"line":60},"6":{"loc":{"start":{"line":68,"column":12},"end":{"line":79,"column":null}},"type":"if","locations":[{"start":{"line":68,"column":12},"end":{"line":79,"column":null}},{"start":{"line":77,"column":19},"end":{"line":79,"column":null}}],"line":68},"7":{"loc":{"start":{"line":70,"column":16},"end":{"line":76,"column":null}},"type":"if","locations":[{"start":{"line":70,"column":16},"end":{"line":76,"column":null}},{"start":{"line":72,"column":23},"end":{"line":76,"column":null}}],"line":70},"8":{"loc":{"start":{"line":72,"column":23},"end":{"line":76,"column":null}},"type":"if","locations":[{"start":{"line":72,"column":23},"end":{"line":76,"column":null}},{"start":{"line":74,"column":23},"end":{"line":76,"column":null}}],"line":72},"9":{"loc":{"start":{"line":74,"column":23},"end":{"line":76,"column":null}},"type":"if","locations":[{"start":{"line":74,"column":23},"end":{"line":76,"column":null}},{"start":{},"end":{}}],"line":74},"10":{"loc":{"start":{"line":77,"column":19},"end":{"line":79,"column":null}},"type":"if","locations":[{"start":{"line":77,"column":19},"end":{"line":79,"column":null}},{"start":{},"end":{}}],"line":77},"11":{"loc":{"start":{"line":114,"column":25},"end":{"line":119,"column":null}},"type":"binary-expr","locations":[{"start":{"line":114,"column":25},"end":{"line":114,"column":null}},{"start":{"line":115,"column":28},"end":{"line":119,"column":null}}],"line":114},"12":{"loc":{"start":{"line":170,"column":42},"end":{"line":170,"column":null}},"type":"cond-expr","locations":[{"start":{"line":170,"column":57},"end":{"line":170,"column":66}},{"start":{"line":170,"column":66},"end":{"line":170,"column":null}}],"line":170},"13":{"loc":{"start":{"line":187,"column":48},"end":{"line":187,"column":null}},"type":"cond-expr","locations":[{"start":{"line":187,"column":63},"end":{"line":187,"column":81}},{"start":{"line":187,"column":81},"end":{"line":187,"column":null}}],"line":187},"14":{"loc":{"start":{"line":189,"column":37},"end":{"line":204,"column":null}},"type":"cond-expr","locations":[{"start":{"line":191,"column":40},"end":{"line":198,"column":41}},{"start":{"line":198,"column":40},"end":{"line":204,"column":null}}],"line":189},"15":{"loc":{"start":{"line":227,"column":29},"end":{"line":235,"column":null}},"type":"cond-expr","locations":[{"start":{"line":228,"column":32},"end":{"line":235,"column":null}},{"start":{"line":235,"column":32},"end":{"line":235,"column":null}}],"line":227}},"s":{"0":1,"1":57,"2":57,"3":57,"4":57,"5":57,"6":57,"7":57,"8":57,"9":57,"10":57,"11":57,"12":3,"13":3,"14":3,"15":1,"16":1,"17":2,"18":2,"19":2,"20":1,"21":0,"22":1,"23":1,"24":1,"25":3,"26":3,"27":1,"28":1,"29":1,"30":1,"31":1,"32":0,"33":0,"34":0,"35":0,"36":0,"37":0,"38":1,"39":1,"40":2,"41":57,"42":0,"43":12,"44":28,"45":1,"46":1},"f":{"0":57,"1":3,"2":0,"3":12,"4":28,"5":1,"6":1},"b":{"0":[1,2],"1":[3,2],"2":[0,1],"3":[0,1],"4":[3,0],"5":[1,0],"6":[1,0],"7":[1,0],"8":[0,0],"9":[0,0],"10":[0,0],"11":[57,2],"12":[1,56],"13":[1,56],"14":[1,56],"15":[2,55]},"meta":{"lastBranch":16,"lastFunction":7,"lastStatement":47,"seen":{"s:13:23:18:Infinity":0,"f:20:9:20:17":0,"s:21:10:21:Infinity":1,"s:22:10:22:Infinity":2,"s:23:12:23:Infinity":3,"s:25:21:25:Infinity":4,"s:26:21:26:Infinity":5,"s:27:21:27:Infinity":6,"s:28:21:28:Infinity":7,"s:29:25:29:Infinity":8,"s:30:21:30:Infinity":9,"s:32:4:32:Infinity":10,"s:33:25:86:Infinity":11,"f:33:25:33:32":1,"s:34:8:34:Infinity":12,"s:35:8:35:Infinity":13,"b:37:8:40:Infinity:undefined:undefined:undefined:undefined":0,"s:37:8:40:Infinity":14,"b:37:12:37:26:37:26:37:37":1,"s:38:12:38:Infinity":15,"s:39:12:39:Infinity":16,"s:42:8:42:Infinity":17,"s:44:8:85:Infinity":18,"s:45:25:45:Infinity":19,"b:47:12:52:Infinity:undefined:undefined:undefined:undefined":2,"s:47:12:52:Infinity":20,"s:48:16:51:Infinity":21,"s:54:29:54:Infinity":22,"s:55:12:55:Infinity":23,"s:57:31:57:Infinity":24,"s:58:27:60:Infinity":25,"b:59:18:59:Infinity:60:18:60:Infinity":3,"b:58:27:58:41:58:41:58:Infinity":4,"b:60:18:60:46:60:46:60:Infinity":5,"s:62:12:62:Infinity":26,"s:66:26:66:Infinity":27,"b:68:12:79:Infinity:77:19:79:Infinity":6,"s:68:12:79:Infinity":28,"s:69:31:69:Infinity":29,"b:70:16:76:Infinity:72:23:76:Infinity":7,"s:70:16:76:Infinity":30,"s:71:20:71:Infinity":31,"b:72:23:76:Infinity:74:23:76:Infinity":8,"s:72:23:76:Infinity":32,"s:73:20:73:Infinity":33,"b:74:23:76:Infinity:undefined:undefined:undefined:undefined":9,"s:74:23:76:Infinity":34,"s:75:20:75:Infinity":35,"b:77:19:79:Infinity:undefined:undefined:undefined:undefined":10,"s:77:19:79:Infinity":36,"s:78:16:78:Infinity":37,"s:81:12:81:Infinity":38,"s:82:12:82:Infinity":39,"s:84:12:84:Infinity":40,"s:89:4:244:Infinity":41,"b:114:25:114:Infinity:115:28:119:Infinity":11,"f:130:32:130:43":2,"s:130:49:130:Infinity":42,"f:152:32:152:43":3,"s:152:49:152:Infinity":43,"b:170:57:170:66:170:66:170:Infinity":12,"f:172:36:172:47":4,"s:172:53:172:Infinity":44,"f:182:36:182:51":5,"s:182:51:182:Infinity":45,"f:182:51:182:67":6,"s:182:72:182:74":46,"b:187:63:187:81:187:81:187:Infinity":13,"b:191:40:198:41:198:40:204:Infinity":14,"b:228:32:235:Infinity:235:32:235:Infinity":15},"fnNames":{}}}
,"D:\\Projects\\hostel-management-system\\frontend\\src\\pages\\admin\\CreateUser.jsx": {"path":"D:\\Projects\\hostel-management-system\\frontend\\src\\pages\\admin\\CreateUser.jsx","statementMap":{"0":{"start":{"line":8,"column":20},"end":{"line":25,"column":null}},"1":{"start":{"line":27,"column":21},"end":{"line":27,"column":null}},"2":{"start":{"line":30,"column":17},"end":{"line":30,"column":null}},"3":{"start":{"line":31,"column":25},"end":{"line":31,"column":null}},"4":{"start":{"line":32,"column":23},"end":{"line":32,"column":null}},"5":{"start":{"line":33,"column":4},"end":{"line":33,"column":null}},"6":{"start":{"line":35,"column":8},"end":{"line":35,"column":null}},"7":{"start":{"line":39,"column":8},"end":{"line":39,"column":null}},"8":{"start":{"line":43,"column":8},"end":{"line":43,"column":null}},"9":{"start":{"line":44,"column":8},"end":{"line":44,"column":null}},"10":{"start":{"line":47,"column":24},"end":{"line":54,"column":null}},"11":{"start":{"line":56,"column":8},"end":{"line":67,"column":null}},"12":{"start":{"line":57,"column":12},"end":{"line":57,"column":null}},"13":{"start":{"line":58,"column":12},"end":{"line":58,"column":null}},"14":{"start":{"line":59,"column":12},"end":{"line":59,"column":null}},"15":{"start":{"line":60,"column":12},"end":{"line":60,"column":null}},"16":{"start":{"line":61,"column":12},"end":{"line":61,"column":null}},"17":{"start":{"line":64,"column":12},"end":{"line":64,"column":null}},"18":{"start":{"line":65,"column":12},"end":{"line":65,"column":null}},"19":{"start":{"line":66,"column":12},"end":{"line":66,"column":null}},"20":{"start":{"line":69,"column":8},"end":{"line":84,"column":null}},"21":{"start":{"line":70,"column":12},"end":{"line":70,"column":null}},"22":{"start":{"line":71,"column":12},"end":{"line":71,"column":null}},"23":{"start":{"line":72,"column":12},"end":{"line":72,"column":null}},"24":{"start":{"line":75,"column":27},"end":{"line":75,"column":null}},"25":{"start":{"line":76,"column":12},"end":{"line":81,"column":null}},"26":{"start":{"line":78,"column":16},"end":{"line":78,"column":null}},"27":{"start":{"line":80,"column":16},"end":{"line":80,"column":null}},"28":{"start":{"line":83,"column":12},"end":{"line":83,"column":null}},"29":{"start":{"line":87,"column":22},"end":{"line":87,"column":null}},"30":{"start":{"line":89,"column":4},"end":{"line":348,"column":null}},"31":{"start":{"line":105,"column":32},"end":{"line":116,"column":null}},"32":{"start":{"line":108,"column":51},"end":{"line":108,"column":null}},"33":{"start":{"line":160,"column":51},"end":{"line":160,"column":null}},"34":{"start":{"line":160,"column":72},"end":{"line":160,"column":74}},"35":{"start":{"line":254,"column":67},"end":{"line":254,"column":105}}},"fnMap":{"0":{"name":"CreateUser","decl":{"start":{"line":29,"column":9},"end":{"line":29,"column":22}},"loc":{"start":{"line":29,"column":22},"end":{"line":350,"column":null}},"line":29},"1":{"name":"handleChange","decl":{"start":{"line":34,"column":13},"end":{"line":34,"column":26}},"loc":{"start":{"line":34,"column":29},"end":{"line":36,"column":null}},"line":34},"2":{"name":"resetForm","decl":{"start":{"line":38,"column":13},"end":{"line":38,"column":25}},"loc":{"start":{"line":38,"column":25},"end":{"line":40,"column":null}},"line":38},"3":{"name":"handleSubmit","decl":{"start":{"line":42,"column":19},"end":{"line":42,"column":32}},"loc":{"start":{"line":42,"column":35},"end":{"line":85,"column":null}},"line":42},"4":{"name":"(anonymous_4)","decl":{"start":{"line":104,"column":72},"end":{"line":104,"column":76}},"loc":{"start":{"line":105,"column":32},"end":{"line":116,"column":null}},"line":105},"5":{"name":"(anonymous_5)","decl":{"start":{"line":108,"column":36},"end":{"line":108,"column":51}},"loc":{"start":{"line":108,"column":51},"end":{"line":108,"column":null}},"line":108},"6":{"name":"(anonymous_6)","decl":{"start":{"line":160,"column":36},"end":{"line":160,"column":51}},"loc":{"start":{"line":160,"column":51},"end":{"line":160,"column":null}},"line":160},"7":{"name":"(anonymous_7)","decl":{"start":{"line":160,"column":51},"end":{"line":160,"column":67}},"loc":{"start":{"line":160,"column":72},"end":{"line":160,"column":74}},"line":160},"8":{"name":"(anonymous_8)","decl":{"start":{"line":254,"column":58},"end":{"line":254,"column":62}},"loc":{"start":{"line":254,"column":67},"end":{"line":254,"column":105}},"line":254}},"branchMap":{"0":{"loc":{"start":{"line":52,"column":19},"end":{"line":52,"column":null}},"type":"binary-expr","locations":[{"start":{"line":52,"column":19},"end":{"line":52,"column":40}},{"start":{"line":52,"column":40},"end":{"line":52,"column":null}}],"line":52},"1":{"loc":{"start":{"line":53,"column":19},"end":{"line":53,"column":null}},"type":"binary-expr","locations":[{"start":{"line":53,"column":19},"end":{"line":53,"column":40}},{"start":{"line":53,"column":40},"end":{"line":53,"column":null}}],"line":53},"2":{"loc":{"start":{"line":56,"column":8},"end":{"line":67,"column":null}},"type":"if","locations":[{"start":{"line":56,"column":8},"end":{"line":67,"column":null}},{"start":{"line":62,"column":15},"end":{"line":67,"column":null}}],"line":56},"3":{"loc":{"start":{"line":57,"column":37},"end":{"line":57,"column":null}},"type":"binary-expr","locations":[{"start":{"line":57,"column":37},"end":{"line":57,"column":57}},{"start":{"line":57,"column":57},"end":{"line":57,"column":null}}],"line":57},"4":{"loc":{"start":{"line":58,"column":37},"end":{"line":58,"column":null}},"type":"binary-expr","locations":[{"start":{"line":58,"column":37},"end":{"line":58,"column":59}},{"start":{"line":58,"column":59},"end":{"line":58,"column":null}}],"line":58},"5":{"loc":{"start":{"line":60,"column":37},"end":{"line":60,"column":null}},"type":"binary-expr","locations":[{"start":{"line":60,"column":37},"end":{"line":60,"column":66}},{"start":{"line":60,"column":66},"end":{"line":60,"column":null}}],"line":60},"6":{"loc":{"start":{"line":61,"column":37},"end":{"line":61,"column":null}},"type":"binary-expr","locations":[{"start":{"line":61,"column":37},"end":{"line":61,"column":67}},{"start":{"line":61,"column":67},"end":{"line":61,"column":null}}],"line":61},"7":{"loc":{"start":{"line":64,"column":40},"end":{"line":64,"column":null}},"type":"binary-expr","locations":[{"start":{"line":64,"column":40},"end":{"line":64,"column":60}},{"start":{"line":64,"column":60},"end":{"line":64,"column":null}}],"line":64},"8":{"loc":{"start":{"line":65,"column":40},"end":{"line":65,"column":null}},"type":"binary-expr","locations":[{"start":{"line":65,"column":40},"end":{"line":65,"column":66}},{"start":{"line":65,"column":66},"end":{"line":65,"column":null}}],"line":65},"9":{"loc":{"start":{"line":66,"column":40},"end":{"line":66,"column":null}},"type":"binary-expr","locations":[{"start":{"line":66,"column":40},"end":{"line":66,"column":73}},{"start":{"line":66,"column":73},"end":{"line":66,"column":null}}],"line":66},"10":{"loc":{"start":{"line":76,"column":12},"end":{"line":81,"column":null}},"type":"if","locations":[{"start":{"line":76,"column":12},"end":{"line":81,"column":null}},{"start":{"line":79,"column":19},"end":{"line":81,"column":null}}],"line":76},"11":{"loc":{"start":{"line":78,"column":28},"end":{"line":78,"column":66}},"type":"binary-expr","locations":[{"start":{"line":78,"column":28},"end":{"line":78,"column":46}},{"start":{"line":78,"column":46},"end":{"line":78,"column":66}}],"line":78},"12":{"loc":{"start":{"line":80,"column":28},"end":{"line":80,"column":62}},"type":"binary-expr","locations":[{"start":{"line":80,"column":28},"end":{"line":80,"column":38}},{"start":{"line":80,"column":38},"end":{"line":80,"column":62}}],"line":80},"13":{"loc":{"start":{"line":111,"column":48},"end":{"line":113,"column":null}},"type":"cond-expr","locations":[{"start":{"line":112,"column":52},"end":{"line":112,"column":null}},{"start":{"line":113,"column":52},"end":{"line":113,"column":null}}],"line":111},"14":{"loc":{"start":{"line":128,"column":45},"end":{"line":128,"column":null}},"type":"cond-expr","locations":[{"start":{"line":128,"column":57},"end":{"line":128,"column":74}},{"start":{"line":128,"column":74},"end":{"line":128,"column":null}}],"line":128},"15":{"loc":{"start":{"line":151,"column":38},"end":{"line":151,"column":null}},"type":"cond-expr","locations":[{"start":{"line":151,"column":53},"end":{"line":151,"column":62}},{"start":{"line":151,"column":62},"end":{"line":151,"column":null}}],"line":151},"16":{"loc":{"start":{"line":165,"column":48},"end":{"line":165,"column":null}},"type":"cond-expr","locations":[{"start":{"line":165,"column":63},"end":{"line":165,"column":81}},{"start":{"line":165,"column":81},"end":{"line":165,"column":null}}],"line":165},"17":{"loc":{"start":{"line":167,"column":37},"end":{"line":182,"column":null}},"type":"cond-expr","locations":[{"start":{"line":169,"column":40},"end":{"line":176,"column":41}},{"start":{"line":176,"column":40},"end":{"line":182,"column":null}}],"line":167},"18":{"loc":{"start":{"line":219,"column":21},"end":{"line":324,"column":null}},"type":"cond-expr","locations":[{"start":{"line":220,"column":24},"end":{"line":286,"column":25}},{"start":{"line":286,"column":24},"end":{"line":324,"column":null}}],"line":219},"19":{"loc":{"start":{"line":335,"column":29},"end":{"line":335,"column":null}},"type":"cond-expr","locations":[{"start":{"line":335,"column":42},"end":{"line":335,"column":58}},{"start":{"line":335,"column":58},"end":{"line":335,"column":null}}],"line":335}},"s":{"0":1,"1":1,"2":62,"3":62,"4":62,"5":62,"6":53,"7":1,"8":2,"9":2,"10":2,"11":2,"12":2,"13":2,"14":2,"15":2,"16":2,"17":0,"18":0,"19":0,"20":2,"21":2,"22":1,"23":1,"24":1,"25":1,"26":1,"27":0,"28":2,"29":62,"30":62,"31":248,"32":1,"33":0,"34":0,"35":244},"f":{"0":62,"1":53,"2":1,"3":2,"4":248,"5":1,"6":0,"7":0,"8":244},"b":{"0":[2,2],"1":[2,2],"2":[2,0],"3":[2,2],"4":[2,2],"5":[2,2],"6":[2,2],"7":[0,0],"8":[0,0],"9":[0,0],"10":[1,0],"11":[1,0],"12":[0,0],"13":[62,186],"14":[61,1],"15":[0,62],"16":[0,62],"17":[0,62],"18":[61,1],"19":[2,60]},"meta":{"lastBranch":20,"lastFunction":9,"lastStatement":36,"seen":{"s:8:20:25:Infinity":0,"s:27:21:27:Infinity":1,"f:29:9:29:22":0,"s:30:17:30:Infinity":2,"s:31:25:31:Infinity":3,"s:32:23:32:Infinity":4,"s:33:4:33:Infinity":5,"f:34:13:34:26":1,"s:35:8:35:Infinity":6,"f:38:13:38:25":2,"s:39:8:39:Infinity":7,"f:42:19:42:32":3,"s:43:8:43:Infinity":8,"s:44:8:44:Infinity":9,"s:47:24:54:Infinity":10,"b:52:19:52:40:52:40:52:Infinity":0,"b:53:19:53:40:53:40:53:Infinity":1,"b:56:8:67:Infinity:62:15:67:Infinity":2,"s:56:8:67:Infinity":11,"s:57:12:57:Infinity":12,"b:57:37:57:57:57:57:57:Infinity":3,"s:58:12:58:Infinity":13,"b:58:37:58:59:58:59:58:Infinity":4,"s:59:12:59:Infinity":14,"s:60:12:60:Infinity":15,"b:60:37:60:66:60:66:60:Infinity":5,"s:61:12:61:Infinity":16,"b:61:37:61:67:61:67:61:Infinity":6,"s:64:12:64:Infinity":17,"b:64:40:64:60:64:60:64:Infinity":7,"s:65:12:65:Infinity":18,"b:65:40:65:66:65:66:65:Infinity":8,"s:66:12:66:Infinity":19,"b:66:40:66:73:66:73:66:Infinity":9,"s:69:8:84:Infinity":20,"s:70:12:70:Infinity":21,"s:71:12:71:Infinity":22,"s:72:12:72:Infinity":23,"s:75:27:75:Infinity":24,"b:76:12:81:Infinity:79:19:81:Infinity":10,"s:76:12:81:Infinity":25,"s:78:16:78:Infinity":26,"b:78:28:78:46:78:46:78:66":11,"s:80:16:80:Infinity":27,"b:80:28:80:38:80:38:80:62":12,"s:83:12:83:Infinity":28,"s:87:22:87:Infinity":29,"s:89:4:348:Infinity":30,"f:104:72:104:76":4,"s:105:32:116:Infinity":31,"f:108:36:108:51":5,"s:108:51:108:Infinity":32,"b:112:52:112:Infinity:113:52:113:Infinity":13,"b:128:57:128:74:128:74:128:Infinity":14,"b:151:53:151:62:151:62:151:Infinity":15,"f:160:36:160:51":6,"s:160:51:160:Infinity":33,"f:160:51:160:67":7,"s:160:72:160:74":34,"b:165:63:165:81:165:81:165:Infinity":16,"b:169:40:176:41:176:40:182:Infinity":17,"b:220:24:286:25:286:24:324:Infinity":18,"f:254:58:254:62":8,"s:254:67:254:105":35,"b:335:42:335:58:335:58:335:Infinity":19},"fnNames":{}}}
,"D:\\Projects\\hostel-management-system\\frontend\\src\\pages\\student\\GatePasses.jsx": {"path":"D:\\Projects\\hostel-management-system\\frontend\\src\\pages\\student\\GatePasses.jsx","statementMap":{"0":{"start":{"line":13,"column":20},"end":{"line":20,"column":null}},"1":{"start":{"line":23,"column":20},"end":{"line":23,"column":null}},"2":{"start":{"line":24,"column":20},"end":{"line":24,"column":null}},"3":{"start":{"line":25,"column":23},"end":{"line":25,"column":null}},"4":{"start":{"line":26,"column":17},"end":{"line":26,"column":null}},"5":{"start":{"line":27,"column":4},"end":{"line":27,"column":null}},"6":{"start":{"line":29,"column":4},"end":{"line":31,"column":null}},"7":{"start":{"line":30,"column":8},"end":{"line":30,"column":null}},"8":{"start":{"line":34,"column":8},"end":{"line":34,"column":null}},"9":{"start":{"line":35,"column":8},"end":{"line":43,"column":null}},"10":{"start":{"line":36,"column":25},"end":{"line":36,"column":null}},"11":{"start":{"line":38,"column":12},"end":{"line":38,"column":null}},"12":{"start":{"line":38,"column":42},"end":{"line":38,"column":89}},"13":{"start":{"line":40,"column":12},"end":{"line":40,"column":null}},"14":{"start":{"line":42,"column":12},"end":{"line":42,"column":null}},"15":{"start":{"line":47,"column":8},"end":{"line":47,"column":null}},"16":{"start":{"line":51,"column":4},"end":{"line":51,"column":null}},"17":{"start":{"line":54,"column":27},"end":{"line":54,"column":null}},"18":{"start":{"line":55,"column":27},"end":{"line":55,"column":null}},"19":{"start":{"line":57,"column":4},"end":{"line":60,"column":null}},"20":{"start":{"line":58,"column":8},"end":{"line":58,"column":null}},"21":{"start":{"line":59,"column":8},"end":{"line":59,"column":null}},"22":{"start":{"line":62,"column":20},"end":{"line":66,"column":null}},"23":{"start":{"line":68,"column":4},"end":{"line":68,"column":null}},"24":{"start":{"line":69,"column":4},"end":{"line":93,"column":null}},"25":{"start":{"line":70,"column":8},"end":{"line":70,"column":null}},"26":{"start":{"line":71,"column":8},"end":{"line":71,"column":null}},"27":{"start":{"line":72,"column":8},"end":{"line":72,"column":null}},"28":{"start":{"line":73,"column":8},"end":{"line":73,"column":null}},"29":{"start":{"line":76,"column":23},"end":{"line":76,"column":null}},"30":{"start":{"line":77,"column":22},"end":{"line":77,"column":null}},"31":{"start":{"line":79,"column":8},"end":{"line":88,"column":null}},"32":{"start":{"line":81,"column":12},"end":{"line":81,"column":null}},"33":{"start":{"line":82,"column":15},"end":{"line":88,"column":null}},"34":{"start":{"line":84,"column":12},"end":{"line":84,"column":null}},"35":{"start":{"line":85,"column":15},"end":{"line":88,"column":null}},"36":{"start":{"line":87,"column":12},"end":{"line":87,"column":null}},"37":{"start":{"line":90,"column":8},"end":{"line":90,"column":null}},"38":{"start":{"line":92,"column":8},"end":{"line":92,"column":null}},"39":{"start":{"line":97,"column":8},"end":{"line":101,"column":null}},"40":{"start":{"line":98,"column":12},"end":{"line":98,"column":null}},"41":{"start":{"line":100,"column":12},"end":{"line":100,"column":null}},"42":{"start":{"line":105,"column":18},"end":{"line":105,"column":null}},"43":{"start":{"line":107,"column":4},"end":{"line":310,"column":null}},"44":{"start":{"line":252,"column":44},"end":{"line":301,"column":null}},"45":{"start":{"line":292,"column":75},"end":{"line":292,"column":null}}},"fnMap":{"0":{"name":"GatePasses","decl":{"start":{"line":22,"column":9},"end":{"line":22,"column":22}},"loc":{"start":{"line":22,"column":22},"end":{"line":312,"column":null}},"line":22},"1":{"name":"(anonymous_1)","decl":{"start":{"line":29,"column":4},"end":{"line":29,"column":20}},"loc":{"start":{"line":29,"column":20},"end":{"line":31,"column":7}},"line":29},"2":{"name":"loadPasses","decl":{"start":{"line":33,"column":19},"end":{"line":33,"column":32}},"loc":{"start":{"line":33,"column":32},"end":{"line":44,"column":null}},"line":33},"3":{"name":"(anonymous_3)","decl":{"start":{"line":38,"column":27},"end":{"line":38,"column":33}},"loc":{"start":{"line":38,"column":42},"end":{"line":38,"column":89}},"line":38},"4":{"name":"handleChange","decl":{"start":{"line":46,"column":13},"end":{"line":46,"column":26}},"loc":{"start":{"line":46,"column":29},"end":{"line":48,"column":null}},"line":46},"5":{"name":"handleSubmit","decl":{"start":{"line":50,"column":19},"end":{"line":50,"column":32}},"loc":{"start":{"line":50,"column":35},"end":{"line":94,"column":null}},"line":50},"6":{"name":"handleDownload","decl":{"start":{"line":96,"column":19},"end":{"line":96,"column":34}},"loc":{"start":{"line":96,"column":54},"end":{"line":102,"column":null}},"line":96},"7":{"name":"(anonymous_7)","decl":{"start":{"line":251,"column":48},"end":{"line":251,"column":52}},"loc":{"start":{"line":252,"column":44},"end":{"line":301,"column":null}},"line":252},"8":{"name":"(anonymous_8)","decl":{"start":{"line":292,"column":60},"end":{"line":292,"column":75}},"loc":{"start":{"line":292,"column":75},"end":{"line":292,"column":null}},"line":292}},"branchMap":{"0":{"loc":{"start":{"line":57,"column":4},"end":{"line":60,"column":null}},"type":"if","locations":[{"start":{"line":57,"column":4},"end":{"line":60,"column":null}},{"start":{},"end":{}}],"line":57},"1":{"loc":{"start":{"line":79,"column":8},"end":{"line":88,"column":null}},"type":"if","locations":[{"start":{"line":79,"column":8},"end":{"line":88,"column":null}},{"start":{"line":82,"column":15},"end":{"line":88,"column":null}}],"line":79},"2":{"loc":{"start":{"line":82,"column":15},"end":{"line":88,"column":null}},"type":"if","locations":[{"start":{"line":82,"column":15},"end":{"line":88,"column":null}},{"start":{"line":85,"column":15},"end":{"line":88,"column":null}}],"line":82},"3":{"loc":{"start":{"line":84,"column":22},"end":{"line":84,"column":null}},"type":"binary-expr","locations":[{"start":{"line":84,"column":22},"end":{"line":84,"column":40}},{"start":{"line":84,"column":40},"end":{"line":84,"column":null}}],"line":84},"4":{"loc":{"start":{"line":85,"column":15},"end":{"line":88,"column":null}},"type":"if","locations":[{"start":{"line":85,"column":15},"end":{"line":88,"column":null}},{"start":{},"end":{}}],"line":85},"5":{"loc":{"start":{"line":177,"column":85},"end":{"line":177,"column":null}},"type":"binary-expr","locations":[{"start":{"line":177,"column":85},"end":{"line":177,"column":102}},{"start":{"line":177,"column":102},"end":{"line":177,"column":null}}],"line":177},"6":{"loc":{"start":{"line":204,"column":33},"end":{"line":204,"column":null}},"type":"cond-expr","locations":[{"start":{"line":204,"column":46},"end":{"line":204,"column":64}},{"start":{"line":204,"column":64},"end":{"line":204,"column":null}}],"line":204},"7":{"loc":{"start":{"line":227,"column":25},"end":{"line":307,"column":null}},"type":"cond-expr","locations":[{"start":{"line":228,"column":28},"end":{"line":229,"column":35}},{"start":{"line":229,"column":28},"end":{"line":307,"column":null}}],"line":227},"8":{"loc":{"start":{"line":229,"column":28},"end":{"line":307,"column":null}},"type":"cond-expr","locations":[{"start":{"line":230,"column":28},"end":{"line":235,"column":29}},{"start":{"line":235,"column":28},"end":{"line":307,"column":null}}],"line":229},"9":{"loc":{"start":{"line":256,"column":53},"end":{"line":256,"column":null}},"type":"binary-expr","locations":[{"start":{"line":256,"column":53},"end":{"line":256,"column":70}},{"start":{"line":256,"column":70},"end":{"line":256,"column":null}}],"line":256},"10":{"loc":{"start":{"line":271,"column":5},"end":{"line":284,"column":null}},"type":"cond-expr","locations":[{"start":{"line":272,"column":8},"end":{"line":284,"column":9}},{"start":{"line":284,"column":8},"end":{"line":284,"column":null}}],"line":271},"11":{"loc":{"start":{"line":274,"column":25},"end":{"line":278,"column":null}},"type":"cond-expr","locations":[{"start":{"line":275,"column":29},"end":{"line":275,"column":null}},{"start":{"line":276,"column":29},"end":{"line":278,"column":null}}],"line":274},"12":{"loc":{"start":{"line":276,"column":29},"end":{"line":278,"column":null}},"type":"cond-expr","locations":[{"start":{"line":277,"column":33},"end":{"line":277,"column":null}},{"start":{"line":278,"column":33},"end":{"line":278,"column":null}}],"line":276},"13":{"loc":{"start":{"line":290,"column":53},"end":{"line":298,"column":null}},"type":"binary-expr","locations":[{"start":{"line":290,"column":53},"end":{"line":290,"column":null}},{"start":{"line":291,"column":56},"end":{"line":298,"column":null}}],"line":290}},"s":{"0":1,"1":26,"2":26,"3":26,"4":26,"5":26,"6":26,"7":2,"8":2,"9":2,"10":2,"11":2,"12":0,"13":0,"14":2,"15":22,"16":1,"17":1,"18":1,"19":1,"20":1,"21":1,"22":0,"23":0,"24":0,"25":0,"26":0,"27":0,"28":0,"29":0,"30":0,"31":0,"32":0,"33":0,"34":0,"35":0,"36":0,"37":0,"38":0,"39":0,"40":0,"41":0,"42":26,"43":26,"44":24,"45":0},"f":{"0":26,"1":2,"2":2,"3":0,"4":22,"5":1,"6":0,"7":24,"8":0},"b":{"0":[1,0],"1":[0,0],"2":[0,0],"3":[0,0],"4":[0,0],"5":[26,22],"6":[0,26],"7":[2,24],"8":[0,24],"9":[24,0],"10":[0,24],"11":[0,0],"12":[0,0],"13":[24,0]},"meta":{"lastBranch":14,"lastFunction":9,"lastStatement":46,"seen":{"s:13:20:20:Infinity":0,"f:22:9:22:22":0,"s:23:20:23:Infinity":1,"s:24:20:24:Infinity":2,"s:25:23:25:Infinity":3,"s:26:17:26:Infinity":4,"s:27:4:27:Infinity":5,"s:29:4:31:Infinity":6,"f:29:4:29:20":1,"s:30:8:30:Infinity":7,"f:33:19:33:32":2,"s:34:8:34:Infinity":8,"s:35:8:43:Infinity":9,"s:36:25:36:Infinity":10,"s:38:12:38:Infinity":11,"f:38:27:38:33":3,"s:38:42:38:89":12,"s:40:12:40:Infinity":13,"s:42:12:42:Infinity":14,"f:46:13:46:26":4,"s:47:8:47:Infinity":15,"f:50:19:50:32":5,"s:51:4:51:Infinity":16,"s:54:27:54:Infinity":17,"s:55:27:55:Infinity":18,"b:57:4:60:Infinity:undefined:undefined:undefined:undefined":0,"s:57:4:60:Infinity":19,"s:58:8:58:Infinity":20,"s:59:8:59:Infinity":21,"s:62:20:66:Infinity":22,"s:68:4:68:Infinity":23,"s:69:4:93:Infinity":24,"s:70:8:70:Infinity":25,"s:71:8:71:Infinity":26,"s:72:8:72:Infinity":27,"s:73:8:73:Infinity":28,"s:76:23:76:Infinity":29,"s:77:22:77:Infinity":30,"b:79:8:88:Infinity:82:15:88:Infinity":1,"s:79:8:88:Infinity":31,"s:81:12:81:Infinity":32,"b:82:15:88:Infinity:85:15:88:Infinity":2,"s:82:15:88:Infinity":33,"s:84:12:84:Infinity":34,"b:84:22:84:40:84:40:84:Infinity":3,"b:85:15:88:Infinity:undefined:undefined:undefined:undefined":4,"s:85:15:88:Infinity":35,"s:87:12:87:Infinity":36,"s:90:8:90:Infinity":37,"s:92:8:92:Infinity":38,"f:96:19:96:34":6,"s:97:8:101:Infinity":39,"s:98:12:98:Infinity":40,"s:100:12:100:Infinity":41,"s:105:18:105:Infinity":42,"s:107:4:310:Infinity":43,"b:177:85:177:102:177:102:177:Infinity":5,"b:204:46:204:64:204:64:204:Infinity":6,"b:228:28:229:35:229:28:307:Infinity":7,"b:230:28:235:29:235:28:307:Infinity":8,"f:251:48:251:52":7,"s:252:44:301:Infinity":44,"b:256:53:256:70:256:70:256:Infinity":9,"b:272:8:284:9:284:8:284:Infinity":10,"b:275:29:275:Infinity:276:29:278:Infinity":11,"b:277:33:277:Infinity:278:33:278:Infinity":12,"b:290:53:290:Infinity:291:56:298:Infinity":13,"f:292:60:292:75":8,"s:292:75:292:Infinity":45},"fnNames":{}}}
,"D:\\Projects\\hostel-management-system\\frontend\\src\\pages\\warden\\PendingRequests.jsx": {"path":"D:\\Projects\\hostel-management-system\\frontend\\src\\pages\\warden\\PendingRequests.jsx","statementMap":{"0":{"start":{"line":11,"column":20},"end":{"line":11,"column":null}},"1":{"start":{"line":12,"column":20},"end":{"line":12,"column":null}},"2":{"start":{"line":13,"column":4},"end":{"line":13,"column":null}},"3":{"start":{"line":15,"column":18},"end":{"line":15,"column":null}},"4":{"start":{"line":17,"column":4},"end":{"line":19,"column":null}},"5":{"start":{"line":18,"column":8},"end":{"line":18,"column":null}},"6":{"start":{"line":22,"column":8},"end":{"line":22,"column":null}},"7":{"start":{"line":23,"column":8},"end":{"line":30,"column":null}},"8":{"start":{"line":24,"column":25},"end":{"line":24,"column":null}},"9":{"start":{"line":25,"column":12},"end":{"line":25,"column":null}},"10":{"start":{"line":27,"column":12},"end":{"line":27,"column":null}},"11":{"start":{"line":29,"column":12},"end":{"line":29,"column":null}},"12":{"start":{"line":34,"column":8},"end":{"line":34,"column":null}},"13":{"start":{"line":38,"column":8},"end":{"line":38,"column":null}},"14":{"start":{"line":42,"column":33},"end":{"line":42,"column":null}},"15":{"start":{"line":43,"column":8},"end":{"line":55,"column":null}},"16":{"start":{"line":44,"column":12},"end":{"line":50,"column":null}},"17":{"start":{"line":45,"column":16},"end":{"line":45,"column":null}},"18":{"start":{"line":46,"column":16},"end":{"line":46,"column":null}},"19":{"start":{"line":48,"column":16},"end":{"line":48,"column":null}},"20":{"start":{"line":49,"column":16},"end":{"line":49,"column":null}},"21":{"start":{"line":51,"column":12},"end":{"line":51,"column":null}},"22":{"start":{"line":52,"column":12},"end":{"line":52,"column":null}},"23":{"start":{"line":54,"column":12},"end":{"line":54,"column":null}},"24":{"start":{"line":58,"column":4},"end":{"line":58,"column":null}},"25":{"start":{"line":58,"column":17},"end":{"line":58,"column":null}},"26":{"start":{"line":60,"column":4},"end":{"line":164,"column":null}},"27":{"start":{"line":88,"column":24},"end":{"line":146,"column":null}},"28":{"start":{"line":130,"column":51},"end":{"line":130,"column":null}},"29":{"start":{"line":138,"column":51},"end":{"line":138,"column":null}}},"fnMap":{"0":{"name":"PendingRequests","decl":{"start":{"line":10,"column":9},"end":{"line":10,"column":27}},"loc":{"start":{"line":10,"column":27},"end":{"line":166,"column":null}},"line":10},"1":{"name":"(anonymous_1)","decl":{"start":{"line":17,"column":4},"end":{"line":17,"column":20}},"loc":{"start":{"line":17,"column":20},"end":{"line":19,"column":7}},"line":17},"2":{"name":"load","decl":{"start":{"line":21,"column":19},"end":{"line":21,"column":26}},"loc":{"start":{"line":21,"column":26},"end":{"line":31,"column":null}},"line":21},"3":{"name":"openModal","decl":{"start":{"line":33,"column":13},"end":{"line":33,"column":23}},"loc":{"start":{"line":33,"column":37},"end":{"line":35,"column":null}},"line":33},"4":{"name":"closeModal","decl":{"start":{"line":37,"column":13},"end":{"line":37,"column":26}},"loc":{"start":{"line":37,"column":26},"end":{"line":39,"column":null}},"line":37},"5":{"name":"handleConfirm","decl":{"start":{"line":41,"column":19},"end":{"line":41,"column":33}},"loc":{"start":{"line":41,"column":42},"end":{"line":56,"column":null}},"line":41},"6":{"name":"(anonymous_6)","decl":{"start":{"line":87,"column":28},"end":{"line":87,"column":32}},"loc":{"start":{"line":88,"column":24},"end":{"line":146,"column":null}},"line":88},"7":{"name":"(anonymous_7)","decl":{"start":{"line":130,"column":36},"end":{"line":130,"column":51}},"loc":{"start":{"line":130,"column":51},"end":{"line":130,"column":null}},"line":130},"8":{"name":"(anonymous_8)","decl":{"start":{"line":138,"column":36},"end":{"line":138,"column":51}},"loc":{"start":{"line":138,"column":51},"end":{"line":138,"column":null}},"line":138}},"branchMap":{"0":{"loc":{"start":{"line":44,"column":12},"end":{"line":50,"column":null}},"type":"if","locations":[{"start":{"line":44,"column":12},"end":{"line":50,"column":null}},{"start":{"line":47,"column":19},"end":{"line":50,"column":null}}],"line":44},"1":{"loc":{"start":{"line":46,"column":33},"end":{"line":46,"column":65}},"type":"binary-expr","locations":[{"start":{"line":46,"column":33},"end":{"line":46,"column":53}},{"start":{"line":46,"column":53},"end":{"line":46,"column":65}}],"line":46},"2":{"loc":{"start":{"line":49,"column":33},"end":{"line":49,"column":65}},"type":"binary-expr","locations":[{"start":{"line":49,"column":33},"end":{"line":49,"column":53}},{"start":{"line":49,"column":53},"end":{"line":49,"column":65}}],"line":49},"3":{"loc":{"start":{"line":54,"column":24},"end":{"line":54,"column":76}},"type":"binary-expr","locations":[{"start":{"line":54,"column":24},"end":{"line":54,"column":54}},{"start":{"line":54,"column":54},"end":{"line":54,"column":76}}],"line":54},"4":{"loc":{"start":{"line":58,"column":4},"end":{"line":58,"column":null}},"type":"if","locations":[{"start":{"line":58,"column":4},"end":{"line":58,"column":null}},{"start":{},"end":{}}],"line":58},"5":{"loc":{"start":{"line":65,"column":21},"end":{"line":71,"column":null}},"type":"binary-expr","locations":[{"start":{"line":65,"column":21},"end":{"line":65,"column":null}},{"start":{"line":66,"column":24},"end":{"line":71,"column":null}}],"line":65},"6":{"loc":{"start":{"line":78,"column":13},"end":{"line":148,"column":null}},"type":"cond-expr","locations":[{"start":{"line":79,"column":16},"end":{"line":86,"column":17}},{"start":{"line":86,"column":16},"end":{"line":148,"column":null}}],"line":78},"7":{"loc":{"start":{"line":97,"column":37},"end":{"line":97,"column":null}},"type":"binary-expr","locations":[{"start":{"line":97,"column":37},"end":{"line":97,"column":80}},{"start":{"line":97,"column":80},"end":{"line":97,"column":null}}],"line":97},"8":{"loc":{"start":{"line":122,"column":33},"end":{"line":123,"column":null}},"type":"binary-expr","locations":[{"start":{"line":122,"column":33},"end":{"line":122,"column":null}},{"start":{"line":123,"column":36},"end":{"line":123,"column":null}}],"line":122},"9":{"loc":{"start":{"line":154,"column":20},"end":{"line":156,"column":null}},"type":"cond-expr","locations":[{"start":{"line":155,"column":26},"end":{"line":155,"column":null}},{"start":{"line":156,"column":26},"end":{"line":156,"column":null}}],"line":154},"10":{"loc":{"start":{"line":158,"column":30},"end":{"line":158,"column":null}},"type":"cond-expr","locations":[{"start":{"line":158,"column":59},"end":{"line":158,"column":80}},{"start":{"line":158,"column":80},"end":{"line":158,"column":null}}],"line":158},"11":{"loc":{"start":{"line":159,"column":30},"end":{"line":159,"column":null}},"type":"cond-expr","locations":[{"start":{"line":159,"column":59},"end":{"line":159,"column":71}},{"start":{"line":159,"column":71},"end":{"line":159,"column":null}}],"line":159},"12":{"loc":{"start":{"line":160,"column":30},"end":{"line":160,"column":null}},"type":"cond-expr","locations":[{"start":{"line":160,"column":59},"end":{"line":160,"column":69}},{"start":{"line":160,"column":69},"end":{"line":160,"column":null}}],"line":160}},"s":{"0":7,"1":7,"2":7,"3":7,"4":7,"5":2,"6":3,"7":3,"8":3,"9":3,"10":0,"11":3,"12":1,"13":1,"14":1,"15":1,"16":1,"17":1,"18":1,"19":0,"20":0,"21":1,"22":1,"23":0,"24":7,"25":3,"26":4,"27":4,"28":1,"29":0},"f":{"0":7,"1":2,"2":3,"3":1,"4":1,"5":1,"6":4,"7":1,"8":0},"b":{"0":[1,0],"1":[1,0],"2":[0,0],"3":[0,0],"4":[3,4],"5":[4,4],"6":[0,4],"7":[4,0],"8":[4,4],"9":[1,3],"10":[1,3],"11":[1,3],"12":[1,3]},"meta":{"lastBranch":13,"lastFunction":9,"lastStatement":30,"seen":{"f:10:9:10:27":0,"s:11:20:11:Infinity":0,"s:12:20:12:Infinity":1,"s:13:4:13:Infinity":2,"s:15:18:15:Infinity":3,"s:17:4:19:Infinity":4,"f:17:4:17:20":1,"s:18:8:18:Infinity":5,"f:21:19:21:26":2,"s:22:8:22:Infinity":6,"s:23:8:30:Infinity":7,"s:24:25:24:Infinity":8,"s:25:12:25:Infinity":9,"s:27:12:27:Infinity":10,"s:29:12:29:Infinity":11,"f:33:13:33:23":3,"s:34:8:34:Infinity":12,"f:37:13:37:26":4,"s:38:8:38:Infinity":13,"f:41:19:41:33":5,"s:42:33:42:Infinity":14,"s:43:8:55:Infinity":15,"b:44:12:50:Infinity:47:19:50:Infinity":0,"s:44:12:50:Infinity":16,"s:45:16:45:Infinity":17,"s:46:16:46:Infinity":18,"b:46:33:46:53:46:53:46:65":1,"s:48:16:48:Infinity":19,"s:49:16:49:Infinity":20,"b:49:33:49:53:49:53:49:65":2,"s:51:12:51:Infinity":21,"s:52:12:52:Infinity":22,"s:54:12:54:Infinity":23,"b:54:24:54:54:54:54:54:76":3,"b:58:4:58:Infinity:undefined:undefined:undefined:undefined":4,"s:58:4:58:Infinity":24,"s:58:17:58:Infinity":25,"s:60:4:164:Infinity":26,"b:65:21:65:Infinity:66:24:71:Infinity":5,"b:79:16:86:17:86:16:148:Infinity":6,"f:87:28:87:32":6,"s:88:24:146:Infinity":27,"b:97:37:97:80:97:80:97:Infinity":7,"b:122:33:122:Infinity:123:36:123:Infinity":8,"f:130:36:130:51":7,"s:130:51:130:Infinity":28,"f:138:36:138:51":8,"s:138:51:138:Infinity":29,"b:155:26:155:Infinity:156:26:156:Infinity":9,"b:158:59:158:80:158:80:158:Infinity":10,"b:159:59:159:71:159:71:159:Infinity":11,"b:160:59:160:69:160:69:160:Infinity":12},"fnNames":{}}}
[...]
42}},"loc":{"start":{"line":223,"column":57},"end":{"line":225,"column":5}},"line":223},"25":{"name":"(anonymous_25)","decl":{"start":{"line":227,"column":41},"end":{"line":227,"column":48}},"loc":{"start":{"line":227,"column":72},"end":{"line":230,"column":5}},"line":227},"26":{"name":"(anonymous_26)","decl":{"start":{"line":232,"column":13},"end":{"line":232,"column":51}},"loc":{"start":{"line":232,"column":66},"end":{"line":234,"column":5}},"line":232},"27":{"name":"(anonymous_27)","decl":{"start":{"line":236,"column":13},"end":{"line":236,"column":53}},"loc":{"start":{"line":236,"column":68},"end":{"line":238,"column":5}},"line":236},"28":{"name":"(anonymous_28)","decl":{"start":{"line":240,"column":13},"end":{"line":240,"column":39}},"loc":{"start":{"line":240,"column":39},"end":{"line":248,"column":5}},"line":240},"29":{"name":"(anonymous_29)","decl":{"start":{"line":251,"column":14},"end":{"line":251,"column":49}},"loc":{"start":{"line":251,"column":49},"end":{"line":255,"column":5}},"line":251},"30":{"name":"(anonymous_30)","decl":{"start":{"line":257,"column":42},"end":{"line":257,"column":49}},"loc":{"start":{"line":257,"column":65},"end":{"line":266,"column":5}},"line":257},"31":{"name":"(anonymous_31)","decl":{"start":{"line":268,"column":42},"end":{"line":268,"column":49}},"loc":{"start":{"line":268,"column":65},"end":{"line":277,"column":5}},"line":268}},"branchMap":{"0":{"loc":{"start":{"line":65,"column":8},"end":{"line":70,"column":null}},"type":"if","locations":[{"start":{"line":65,"column":8},"end":{"line":70,"column":null}},{"start":{},"end":{}}],"line":65},"1":{"loc":{"start":{"line":65,"column":12},"end":{"line":65,"column":54}},"type":"binary-expr","locations":[{"start":{"line":65,"column":12},"end":{"line":65,"column":21}},{"start":{"line":65,"column":21},"end":{"line":65,"column":54}}],"line":65},"2":{"loc":{"start":{"line":82,"column":8},"end":{"line":82,"column":null}},"type":"if","locations":[{"start":{"line":82,"column":8},"end":{"line":82,"column":null}},{"start":{},"end":{}}],"line":82},"3":{"loc":{"start":{"line":105,"column":8},"end":{"line":110,"column":null}},"type":"if","locations":[{"start":{"line":105,"column":8},"end":{"line":110,"column":null}},{"start":{},"end":{}}],"line":105},"4":{"loc":{"start":{"line":213,"column":8},"end":{"line":218,"column":null}},"type":"if","locations":[{"start":{"line":213,"column":8},"end":{"line":218,"column":null}},{"start":{},"end":{}}],"line":213},"5":{"loc":{"start":{"line":213,"column":12},"end":{"line":213,"column":55}},"type":"binary-expr","locations":[{"start":{"line":213,"column":12},"end":{"line":213,"column":29}},{"start":{"line":213,"column":29},"end":{"line":213,"column":55}}],"line":213},"6":{"loc":{"start":{"line":259,"column":8},"end":{"line":264,"column":null}},"type":"if","locations":[{"start":{"line":259,"column":8},"end":{"line":264,"column":null}},{"start":{},"end":{}}],"line":259},"7":{"loc":{"start":{"line":270,"column":8},"end":{"line":275,"column":null}},"type":"if","locations":[{"start":{"line":270,"column":8},"end":{"line":275,"column":null}},{"start":{},"end":{}}],"line":270}},"s":{"0":9,"1":9,"2":9,"3":2,"4":2,"5":2,"6":2,"7":1,"8":1,"9":13,"10":13,"11":0,"12":13,"13":0,"14":0,"15":0,"16":2,"17":0,"18":0,"19":0,"20":0,"21":0,"22":0,"23":0,"24":3,"25":0,"26":0,"27":1,"28":1,"29":0,"30":0,"31":0,"32":0,"33":0,"34":0,"35":0,"36":0,"37":0,"38":0,"39":0,"40":0,"41":0,"42":2,"43":2,"44":1,"45":1,"46":0,"47":0,"48":0,"49":0,"50":0,"51":0,"52":0,"53":0,"54":0,"55":0,"56":0,"57":0,"58":0,"59":0,"60":0},"f":{"0":2,"1":13,"2":0,"3":0,"4":2,"5":0,"6":0,"7":3,"8":0,"9":0,"10":1,"11":0,"12":0,"13":0,"14":0,"15":0,"16":0,"17":0,"18":0,"19":0,"20":0,"21":0,"22":0,"23":2,"24":0,"25":0,"26":0,"27":0,"28":0,"29":0,"30":0,"31":0},"b":{"0":[1,1],"1":[2,2],"2":[0,13],"3":[0,0],"4":[1,1],"5":[2,2],"6":[0,0],"7":[0,0]},"meta":{"lastBranch":8,"lastFunction":32,"lastStatement":61,"seen":{"s:6:25:29:Infinity":0,"s:31:28:49:Infinity":1,"s:51:24:278:Infinity":2,"f:53:33:53:40":0,"s:54:21:54:Infinity":3,"s:56:24:61:Infinity":4,"s:63:21:63:Infinity":5,"b:65:8:70:Infinity:undefined:undefined:undefined:undefined":0,"s:65:8:70:Infinity":6,"b:65:12:65:21:65:21:65:54":1,"s:66:12:69:Infinity":7,"s:72:8:77:Infinity":8,"f:80:13:80:30":1,"s:81:21:81:Infinity":9,"b:82:8:82:Infinity:undefined:undefined:undefined:undefined":2,"s:82:8:82:Infinity":10,"s:82:19:82:Infinity":11,"s:83:8:83:Infinity":12,"f:87:13:87:43":2,"s:88:8:88:Infinity":13,"f:91:37:91:44":3,"s:92:21:92:Infinity":14,"s:93:8:93:Infinity":15,"f:96:13:96:46":4,"s:97:8:97:Infinity":16,"f:100:41:100:48":5,"s:101:21:101:Infinity":17,"s:103:22:103:Infinity":18,"s:104:22:104:Infinity":19,"b:105:8:110:Infinity:undefined:undefined:undefined:undefined":3,"s:105:8:110:Infinity":20,"s:106:12:109:Infinity":21,"s:112:8:112:Infinity":22,"f:115:13:115:52":6,"s:116:8:122:Infinity":23,"f:126:13:126:53":7,"s:127:8:127:Infinity":24,"f:130:13:130:45":8,"s:131:8:131:Infinity":25,"f:134:13:134:43":9,"s:135:8:135:Infinity":26,"f:138:55:138:62":10,"s:139:21:139:Infinity":27,"s:140:8:142:Infinity":28,"f:145:54:145:61":11,"s:146:21:146:Infinity":29,"s:147:8:149:Infinity":30,"f:152:13:152:51":12,"s:153:8:159:Infinity":31,"f:163:13:163:58":13,"s:164:8:164:Infinity":32,"f:167:13:167:51":14,"s:168:8:168:Infinity":33,"f:171:13:171:55":15,"s:172:8:172:Infinity":34,"f:175:13:175:60":16,"s:176:8:176:Infinity":35,"f:179:13:179:62":17,"s:180:8:180:Infinity":36,"f:183:13:183:53":18,"s:184:8:190:Infinity":37,"f:194:13:194:39":19,"s:195:8:195:Infinity":38,"f:198:13:198:41":20,"s:199:8:199:Infinity":39,"f:202:13:202:42":21,"s:203:8:203:Infinity":40,"f:206:13:206:40":22,"s:207:8:207:Infinity":41,"f:210:34:210:41":23,"s:211:21:211:Infinity":42,"b:213:8:218:Infinity:undefined:undefined:undefined:undefined":4,"s:213:8:218:Infinity":43,"b:213:12:213:29:213:29:213:55":5,"s:214:12:217:Infinity":44,"s:220:8:220:Infinity":45,"f:223:13:223:42":24,"s:224:8:224:Infinity":46,"f:227:41:227:48":25,"s:228:21:228:Infinity":47,"s:229:8:229:Infinity":48,"f:232:13:232:51":26,"s:233:8:233:Infinity":49,"f:236:13:236:53":27,"s:237:8:237:Infinity":50,"f:240:13:240:39":28,"s:241:8:247:Infinity":51,"f:251:14:251:49":29,"s:252:8:254:Infinity":52,"f:257:42:257:49":30,"s:258:21:258:Infinity":53,"b:259:8:264:Infinity:undefined:undefined:undefined:undefined":6,"s:259:8:264:Infinity":54,"s:260:12:263:Infinity":55,"s:265:8:265:Infinity":56,"f:268:42:268:49":31,"s:269:21:269:Infinity":57,"b:270:8:275:Infinity:undefined:undefined:undefined:undefined":7,"s:270:8:275:Infinity":58,"s:271:12:274:Infinity":59,"s:276:8:276:Infinity":60},"fnNames":{}}}
,"D:\\Projects\\hostel-management-system\\frontend\\src\\test\\mocks\\server.js": {"path":"D:\\Projects\\hostel-management-system\\frontend\\src\\test\\mocks\\server.js","statementMap":{"0":{"start":{"line":6,"column":13},"end":{"line":6,"column":null}}},"fnMap":{},"branchMap":{},"s":{"0":9},"f":{},"b":{},"meta":{"lastBranch":0,"lastFunction":0,"lastStatement":1,"seen":{"s:6:13:6:Infinity":0},"fnNames":{}}}
,"D:\\Projects\\hostel-management-system\\frontend\\src\\utils\\dateFormat.js": {"path":"D:\\Projects\\hostel-management-system\\frontend\\src\\utils\\dateFormat.js","statementMap":{"0":{"start":{"line":3,"column":15},"end":{"line":3,"column":null}},"1":{"start":{"line":8,"column":4},"end":{"line":8,"column":null}},"2":{"start":{"line":8,"column":18},"end":{"line":8,"column":null}},"3":{"start":{"line":9,"column":14},"end":{"line":9,"column":null}},"4":{"start":{"line":10,"column":18},"end":{"line":10,"column":null}},"5":{"start":{"line":11,"column":18},"end":{"line":11,"column":null}},"6":{"start":{"line":12,"column":18},"end":{"line":12,"column":null}},"7":{"start":{"line":13,"column":4},"end":{"line":13,"column":null}},"8":{"start":{"line":19,"column":4},"end":{"line":19,"column":null}},"9":{"start":{"line":19,"column":18},"end":{"line":19,"column":null}},"10":{"start":{"line":20,"column":14},"end":{"line":20,"column":null}},"11":{"start":{"line":21,"column":18},"end":{"line":21,"column":null}},"12":{"start":{"line":22,"column":18},"end":{"line":22,"column":null}},"13":{"start":{"line":23,"column":18},"end":{"line":23,"column":null}},"14":{"start":{"line":24,"column":4},"end":{"line":24,"column":null}},"15":{"start":{"line":30,"column":4},"end":{"line":30,"column":null}},"16":{"start":{"line":30,"column":20},"end":{"line":30,"column":null}},"17":{"start":{"line":34,"column":4},"end":{"line":44,"column":null}},"18":{"start":{"line":36,"column":18},"end":{"line":36,"column":null}},"19":{"start":{"line":37,"column":8},"end":{"line":37,"column":null}},"20":{"start":{"line":38,"column":8},"end":{"line":38,"column":null}},"21":{"start":{"line":41,"column":23},"end":{"line":41,"column":null}},"22":{"start":{"line":42,"column":8},"end":{"line":42,"column":null}},"23":{"start":{"line":43,"column":8},"end":{"line":43,"column":null}},"24":{"start":{"line":46,"column":17},"end":{"line":46,"column":null}},"25":{"start":{"line":47,"column":24},"end":{"line":47,"column":null}},"26":{"start":{"line":48,"column":24},"end":{"line":48,"column":null}},"27":{"start":{"line":50,"column":4},"end":{"line":50,"column":null}},"28":{"start":{"line":56,"column":4},"end":{"line":56,"column":null}},"29":{"start":{"line":56,"column":18},"end":{"line":56,"column":null}},"30":{"start":{"line":59,"column":4},"end":{"line":61,"column":null}},"31":{"start":{"line":60,"column":8},"end":{"line":60,"column":null}},"32":{"start":{"line":64,"column":14},"end":{"line":64,"column":null}},"33":{"start":{"line":65,"column":21},"end":{"line":65,"column":null}},"34":{"start":{"line":66,"column":21},"end":{"line":66,"column":null}},"35":{"start":{"line":67,"column":4},"end":{"line":67,"column":null}}},"fnMap":{"0":{"name":"formatTableDate","decl":{"start":{"line":7,"column":16},"end":{"line":7,"column":32}},"loc":{"start":{"line":7,"column":41},"end":{"line":14,"column":null}},"line":7},"1":{"name":"formatDashboardDate","decl":{"start":{"line":18,"column":16},"end":{"line":18,"column":36}},"loc":{"start":{"line":18,"column":45},"end":{"line":25,"column":null}},"line":18},"2":{"name":"formatTime12h","decl":{"start":{"line":29,"column":16},"end":{"line":29,"column":30}},"loc":{"start":{"line":29,"column":41},"end":{"line":51,"column":null}},"line":29},"3":{"name":"formatDateTime12h","decl":{"start":{"line":55,"column":16},"end":{"line":55,"column":34}},"loc":{"start":{"line":55,"column":59},"end":{"line":68,"column":null}},"line":55}},"branchMap":{"0":{"loc":{"start":{"line":8,"column":4},"end":{"line":8,"column":null}},"type":"if","locations":[{"start":{"line":8,"column":4},"end":{"line":8,"column":null}},{"start":{},"end":{}}],"line":8},"1":{"loc":{"start":{"line":19,"column":4},"end":{"line":19,"column":null}},"type":"if","locations":[{"start":{"line":19,"column":4},"end":{"line":19,"column":null}},{"start":{},"end":{}}],"line":19},"2":{"loc":{"start":{"line":30,"column":4},"end":{"line":30,"column":null}},"type":"if","locations":[{"start":{"line":30,"column":4},"end":{"line":30,"column":null}},{"start":{},"end":{}}],"line":30},"3":{"loc":{"start":{"line":34,"column":4},"end":{"line":44,"column":null}},"type":"if","locations":[{"start":{"line":34,"column":4},"end":{"line":44,"column":null}},{"start":{"line":39,"column":11},"end":{"line":44,"column":null}}],"line":34},"4":{"loc":{"start":{"line":34,"column":8},"end":{"line":34,"column":60}},"type":"binary-expr","locations":[{"start":{"line":34,"column":8},"end":{"line":34,"column":35}},{"start":{"line":34,"column":35},"end":{"line":34,"column":60}}],"line":34},"5":{"loc":{"start":{"line":46,"column":17},"end":{"line":46,"column":null}},"type":"cond-expr","locations":[{"start":{"line":46,"column":31},"end":{"line":46,"column":38}},{"start":{"line":46,"column":38},"end":{"line":46,"column":null}}],"line":46},"6":{"loc":{"start":{"line":47,"column":24},"end":{"line":47,"column":null}},"type":"binary-expr","locations":[{"start":{"line":47,"column":24},"end":{"line":47,"column":38}},{"start":{"line":47,"column":38},"end":{"line":47,"column":null}}],"line":47},"7":{"loc":{"start":{"line":55,"column":43},"end":{"line":55,"column":59}},"type":"default-arg","locations":[{"start":{"line":55,"column":53},"end":{"line":55,"column":59}}],"line":55},"8":{"loc":{"start":{"line":56,"column":4},"end":{"line":56,"column":null}},"type":"if","locations":[{"start":{"line":56,"column":4},"end":{"line":56,"column":null}},{"start":{},"end":{}}],"line":56},"9":{"loc":{"start":{"line":59,"column":4},"end":{"line":61,"column":null}},"type":"if","locations":[{"start":{"line":59,"column":4},"end":{"line":61,"column":null}},{"start":{},"end":{}}],"line":59}},"s":{"0":3,"1":59,"2":2,"3":57,"4":57,"5":57,"6":57,"7":57,"8":2,"9":0,"10":2,"11":2,"12":2,"13":2,"14":2,"15":61,"16":0,"17":61,"18":0,"19":0,"20":0,"21":61,"22":61,"23":61,"24":61,"25":61,"26":61,"27":61,"28":1,"29":0,"30":1,"31":1,"32":0,"33":0,"34":0,"35":0},"f":{"0":59,"1":2,"2":61,"3":1},"b":{"0":[2,57],"1":[0,2],"2":[0,61],"3":[0,61],"4":[61,61],"5":[31,30],"6":[61,2],"7":[1],"8":[0,1],"9":[1,0]},"meta":{"lastBranch":10,"lastFunction":4,"lastStatement":36,"seen":{"s:3:15:3:Infinity":0,"f:7:16:7:32":0,"b:8:4:8:Infinity:undefined:undefined:undefined:undefined":0,"s:8:4:8:Infinity":1,"s:8:18:8:Infinity":2,"s:9:14:9:Infinity":3,"s:10:18:10:Infinity":4,"s:11:18:11:Infinity":5,"s:12:18:12:Infinity":6,"s:13:4:13:Infinity":7,"f:18:16:18:36":1,"b:19:4:19:Infinity:undefined:undefined:undefined:undefined":1,"s:19:4:19:Infinity":8,"s:19:18:19:Infinity":9,"s:20:14:20:Infinity":10,"s:21:18:21:Infinity":11,"s:22:18:22:Infinity":12,"s:23:18:23:Infinity":13,"s:24:4:24:Infinity":14,"f:29:16:29:30":2,"b:30:4:30:Infinity:undefined:undefined:undefined:undefined":2,"s:30:4:30:Infinity":15,"s:30:20:30:Infinity":16,"b:34:4:44:Infinity:39:11:44:Infinity":3,"s:34:4:44:Infinity":17,"b:34:8:34:35:34:35:34:60":4,"s:36:18:36:Infinity":18,"s:37:8:37:Infinity":19,"s:38:8:38:Infinity":20,"s:41:23:41:Infinity":21,"s:42:8:42:Infinity":22,"s:43:8:43:Infinity":23,"s:46:17:46:Infinity":24,"b:46:31:46:38:46:38:46:Infinity":5,"s:47:24:47:Infinity":25,"b:47:24:47:38:47:38:47:Infinity":6,"s:48:24:48:Infinity":26,"s:50:4:50:Infinity":27,"f:55:16:55:34":3,"b:55:53:55:59":7,"b:56:4:56:Infinity:undefined:undefined:undefined:undefined":8,"s:56:4:56:Infinity":28,"s:56:18:56:Infinity":29,"b:59:4:61:Infinity:undefined:undefined:undefined:undefined":9,"s:59:4:61:Infinity":30,"s:60:8:60:Infinity":31,"s:64:14:64:Infinity":32,"s:65:21:65:Infinity":33,"s:66:21:66:Infinity":34,"s:67:4:67:Infinity":35},"fnNames":{}}}
,"D:\\Projects\\hostel-management-system\\frontend\\src\\utils\\errorHelper.js": {"path":"D:\\Projects\\hostel-management-system\\frontend\\src\\utils\\errorHelper.js","statementMap":{"0":{"start":{"line":4,"column":19},"end":{"line":4,"column":null}},"1":{"start":{"line":6,"column":4},"end":{"line":6,"column":null}},"2":{"start":{"line":6,"column":36},"end":{"line":6,"column":null}},"3":{"start":{"line":7,"column":4},"end":{"line":7,"column":null}},"4":{"start":{"line":7,"column":31},"end":{"line":7,"column":null}},"5":{"start":{"line":8,"column":4},"end":{"line":8,"column":null}},"6":{"start":{"line":8,"column":23},"end":{"line":8,"column":null}},"7":{"start":{"line":10,"column":4},"end":{"line":10,"column":null}}},"fnMap":{"0":{"name":"extractErrorMessage","decl":{"start":{"line":3,"column":16},"end":{"line":3,"column":36}},"loc":{"start":{"line":3,"column":77},"end":{"line":11,"column":null}},"line":3}},"branchMap":{"0":{"loc":{"start":{"line":3,"column":41},"end":{"line":3,"column":77}},"type":"default-arg","locations":[{"start":{"line":3,"column":52},"end":{"line":3,"column":77}}],"line":3},"1":{"loc":{"start":{"line":6,"column":4},"end":{"line":6,"column":null}},"type":"if","locations":[{"start":{"line":6,"column":4},"end":{"line":6,"column":null}},{"start":{},"end":{}}],"line":6},"2":{"loc":{"start":{"line":7,"column":4},"end":{"line":7,"column":null}},"type":"if","locations":[{"start":{"line":7,"column":4},"end":{"line":7,"column":null}},{"start":{},"end":{}}],"line":7},"3":{"loc":{"start":{"line":7,"column":38},"end":{"line":7,"column":null}},"type":"binary-expr","locations":[{"start":{"line":7,"column":38},"end":{"line":7,"column":56}},{"start":{"line":7,"column":56},"end":{"line":7,"column":null}}],"line":7},"4":{"loc":{"start":{"line":8,"column":4},"end":{"line":8,"column":null}},"type":"if","locations":[{"start":{"line":8,"column":4},"end":{"line":8,"column":null}},{"start":{},"end":{}}],"line":8}},"s":{"0":4,"1":4,"2":1,"3":3,"4":3,"5":2,"6":2,"7":1},"f":{"0":4},"b":{"0":[4],"1":[1,3],"2":[1,2],"3":[1,0],"4":[1,1]},"meta":{"lastBranch":5,"lastFunction":1,"lastStatement":8,"seen":{"f:3:16:3:36":0,"b:3:52:3:77":0,"s:4:19:4:Infinity":0,"b:6:4:6:Infinity:undefined:undefined:undefined:undefined":1,"s:6:4:6:Infinity":1,"s:6:36:6:Infinity":2,"b:7:4:7:Infinity:undefined:undefined:undefined:undefined":2,"s:7:4:7:Infinity":3,"s:7:31:7:Infinity":4,"b:7:38:7:56:7:56:7:Infinity":3,"b:8:4:8:Infinity:undefined:undefined:undefined:undefined":4,"s:8:4:8:Infinity":5,"s:8:23:8:Infinity":6,"s:10:4:10:Infinity":7},"fnNames":{}}}
,"D:\\Projects\\hostel-management-system\\frontend\\src\\utils\\tokenHelper.js": {"path":"D:\\Projects\\hostel-management-system\\frontend\\src\\utils\\tokenHelper.js","statementMap":{"0":{"start":{"line":3,"column":22},"end":{"line":3,"column":null}},"1":{"start":{"line":4,"column":22},"end":{"line":4,"column":null}},"2":{"start":{"line":5,"column":22},"end":{"line":5,"column":null}},"3":{"start":{"line":7,"column":20},"end":{"line":32,"column":null}},"4":{"start":{"line":12,"column":8},"end":{"line":12,"column":null}},"5":{"start":{"line":13,"column":8},"end":{"line":13,"column":null}},"6":{"start":{"line":14,"column":8},"end":{"line":14,"column":null}},"7":{"start":{"line":18,"column":20},"end":{"line":18,"column":64}},"8":{"start":{"line":19,"column":20},"end":{"line":19,"column":64}},"9":{"start":{"line":20,"column":20},"end":{"line":20,"column":64}},"10":{"start":{"line":24,"column":20},"end":{"line":24,"column":64}},"11":{"start":{"line":28,"column":8},"end":{"line":28,"column":null}},"12":{"start":{"line":29,"column":8},"end":{"line":29,"column":null}},"13":{"start":{"line":30,"column":8},"end":{"line":30,"column":null}}},"fnMap":{"0":{"name":"save","decl":{"start":{"line":11,"column":4},"end":{"line":11,"column":9}},"loc":{"start":{"line":11,"column":40},"end":{"line":15,"column":null}},"line":11},"1":{"name":"getToken","decl":{"start":{"line":18,"column":4},"end":{"line":18,"column":18}},"loc":{"start":{"line":18,"column":18},"end":{"line":18,"column":null}},"line":18},"2":{"name":"getUserType","decl":{"start":{"line":19,"column":4},"end":{"line":19,"column":18}},"loc":{"start":{"line":19,"column":18},"end":{"line":19,"column":null}},"line":19},"3":{"name":"getUserId","decl":{"start":{"line":20,"column":4},"end":{"line":20,"column":18}},"loc":{"start":{"line":20,"column":18},"end":{"line":20,"column":null}},"line":20},"4":{"name":"isLoggedIn","decl":{"start":{"line":24,"column":4},"end":{"line":24,"column":18}},"loc":{"start":{"line":24,"column":18},"end":{"line":24,"column":null}},"line":24},"5":{"name":"clear","decl":{"start":{"line":27,"column":4},"end":{"line":27,"column":12}},"loc":{"start":{"line":27,"column":12},"end":{"line":31,"column":null}},"line":27}},"branchMap":{},"s":{"0":6,"1":6,"2":6,"3":6,"4":1,"5":1,"6":1,"7":23,"8":2,"9":0,"10":23,"11":1,"12":1,"13":1},"f":{"0":1,"1":23,"2":2,"3":0,"4":23,"5":1},"b":{},"meta":{"lastBranch":0,"lastFunction":6,"lastStatement":14,"seen":{"s:3:22:3:Infinity":0,"s:4:22:4:Infinity":1,"s:5:22:5:Infinity":2,"s:7:20:32:Infinity":3,"f:11:4:11:9":0,"s:12:8:12:Infinity":4,"s:13:8:13:Infinity":5,"s:14:8:14:Infinity":6,"f:18:4:18:18":1,"s:18:20:18:64":7,"f:19:4:19:18":2,"s:19:20:19:64":8,"f:20:4:20:18":3,"s:20:20:20:64":9,"f:24:4:24:18":4,"s:24:20:24:64":10,"f:27:4:27:12":5,"s:28:8:28:Infinity":11,"s:29:8:29:Infinity":12,"s:30:8:30:Infinity":13},"fnNames":{}}}
}
